ERROR - 2025-09-02 02:39:14 --> Password salah untuk user: admin
ERROR - 2025-09-02 11:18:05 --> mysqli_sql_exception: Duplicate entry '' for key 'nip' in C:\xampp\htdocs\sidodik\system\Database\MySQLi\Connection.php:327
Stack trace:
#0 C:\xampp\htdocs\sidodik\system\Database\MySQLi\Connection.php(327): mysqli->query('INSERT INTO `us...', 0)
#1 C:\xampp\htdocs\sidodik\system\Database\BaseConnection.php(729): CodeIgniter\Database\MySQLi\Connection->execute('INSERT INTO `us...')
#2 C:\xampp\htdocs\sidodik\system\Database\BaseConnection.php(646): CodeIgniter\Database\BaseConnection->simpleQuery('INSERT INTO `us...')
#3 C:\xampp\htdocs\sidodik\system\Database\BaseBuilder.php(2345): CodeIgniter\Database\BaseConnection->query('INSERT INTO `us...', Array, false)
#4 C:\xampp\htdocs\sidodik\system\Model.php(394): CodeIgniter\Database\BaseBuilder->insert()
#5 C:\xampp\htdocs\sidodik\system\BaseModel.php(838): CodeIgniter\Model->doInsert(Array)
#6 C:\xampp\htdocs\sidodik\system\Model.php(797): CodeIgniter\BaseModel->insert(Array, false)
#7 C:\xampp\htdocs\sidodik\system\BaseModel.php(751): CodeIgniter\Model->insert(Array, false)
#8 C:\xampp\htdocs\sidodik\app\Controllers\Admin.php(598): CodeIgniter\BaseModel->save(Array)
#9 C:\xampp\htdocs\sidodik\system\CodeIgniter.php(933): App\Controllers\Admin->addUser()
#10 C:\xampp\htdocs\sidodik\system\CodeIgniter.php(507): CodeIgniter\CodeIgniter->runController(Object(App\Controllers\Admin))
#11 C:\xampp\htdocs\sidodik\system\CodeIgniter.php(354): CodeIgniter\CodeIgniter->handleRequest(NULL, Object(Config\Cache), false)
#12 C:\xampp\htdocs\sidodik\system\Boot.php(363): CodeIgniter\CodeIgniter->run()
#13 C:\xampp\htdocs\sidodik\system\Boot.php(68): CodeIgniter\Boot::runCodeIgniter(Object(CodeIgniter\CodeIgniter))
#14 C:\xampp\htdocs\sidodik\public\index.php(59): CodeIgniter\Boot::bootWeb(Object(Config\Paths))
#15 C:\xampp\htdocs\sidodik\system\rewrite.php(44): require_once('C:\\xampp\\htdocs...')
#16 {main}
CRITICAL - 2025-09-02 11:18:05 --> CodeIgniter\Database\Exceptions\DatabaseException: Duplicate entry '' for key 'nip'
[Method: POST, Route: admin/user/add]
in SYSTEMPATH\Database\BaseConnection.php on line 684.
 1 SYSTEMPATH\Database\BaseBuilder.php(2345): CodeIgniter\Database\BaseConnection->query('INSERT INTO `users` (`username`, `nip`, `password`, `nama_lengkap`, `role`, `status`, `created_at`, `updated_at`) VALUES (:username:, :nip:, :password:, :nama_lengkap:, :role:, :status:, :created_at:, :updated_at:)', [...], false)
 2 SYSTEMPATH\Model.php(394): CodeIgniter\Database\BaseBuilder->insert()
 3 SYSTEMPATH\BaseModel.php(838): CodeIgniter\Model->doInsert([...])
 4 SYSTEMPATH\Model.php(797): CodeIgniter\BaseModel->insert([...], false)
 5 SYSTEMPATH\BaseModel.php(751): CodeIgniter\Model->insert([...], false)
 6 APPPATH\Controllers\Admin.php(598): CodeIgniter\BaseModel->save([...])
 7 SYSTEMPATH\CodeIgniter.php(933): App\Controllers\Admin->addUser()
 8 SYSTEMPATH\CodeIgniter.php(507): CodeIgniter\CodeIgniter->runController(Object(App\Controllers\Admin))
 9 SYSTEMPATH\CodeIgniter.php(354): CodeIgniter\CodeIgniter->handleRequest(null, Object(Config\Cache), false)
10 SYSTEMPATH\Boot.php(363): CodeIgniter\CodeIgniter->run()
11 SYSTEMPATH\Boot.php(68): CodeIgniter\Boot::runCodeIgniter(Object(CodeIgniter\CodeIgniter))
12 FCPATH\index.php(59): CodeIgniter\Boot::bootWeb(Object(Config\Paths))
13 SYSTEMPATH\rewrite.php(44): require_once('C:\\xampp\\htdocs\\sidodik\\public\\index.php')
CRITICAL - 2025-09-02 11:18:05 --> [Caused by] CodeIgniter\Database\Exceptions\DatabaseException: Duplicate entry '' for key 'nip'
in SYSTEMPATH\Database\MySQLi\Connection.php on line 332.
 1 SYSTEMPATH\Database\BaseConnection.php(729): CodeIgniter\Database\MySQLi\Connection->execute('INSERT INTO `users` (`username`, `nip`, `password`, `nama_lengkap`, `role`, `status`, `created_at`, `updated_at`) VALUES (\'testestes\', \'\', \'$2y$10$eEnOl1BuZUFzAJ1UJIxEi.anrAD.H6/s1xZsomHxfGKsjuPm3aARq\', \'zuherrrrrrrrrrrrrrrrrr\', \'user\', \'aktif\', \'2025-09-02 11:18:05\', \'2025-09-02 11:18:05\')')
 2 SYSTEMPATH\Database\BaseConnection.php(646): CodeIgniter\Database\BaseConnection->simpleQuery('INSERT INTO `users` (`username`, `nip`, `password`, `nama_lengkap`, `role`, `status`, `created_at`, `updated_at`) VALUES (\'testestes\', \'\', \'$2y$10$eEnOl1BuZUFzAJ1UJIxEi.anrAD.H6/s1xZsomHxfGKsjuPm3aARq\', \'zuherrrrrrrrrrrrrrrrrr\', \'user\', \'aktif\', \'2025-09-02 11:18:05\', \'2025-09-02 11:18:05\')')
 3 SYSTEMPATH\Database\BaseBuilder.php(2345): CodeIgniter\Database\BaseConnection->query('INSERT INTO `users` (`username`, `nip`, `password`, `nama_lengkap`, `role`, `status`, `created_at`, `updated_at`) VALUES (:username:, :nip:, :password:, :nama_lengkap:, :role:, :status:, :created_at:, :updated_at:)', [...], false)
 4 SYSTEMPATH\Model.php(394): CodeIgniter\Database\BaseBuilder->insert()
 5 SYSTEMPATH\BaseModel.php(838): CodeIgniter\Model->doInsert([...])
 6 SYSTEMPATH\Model.php(797): CodeIgniter\BaseModel->insert([...], false)
 7 SYSTEMPATH\BaseModel.php(751): CodeIgniter\Model->insert([...], false)
 8 APPPATH\Controllers\Admin.php(598): CodeIgniter\BaseModel->save([...])
 9 SYSTEMPATH\CodeIgniter.php(933): App\Controllers\Admin->addUser()
10 SYSTEMPATH\CodeIgniter.php(507): CodeIgniter\CodeIgniter->runController(Object(App\Controllers\Admin))
11 SYSTEMPATH\CodeIgniter.php(354): CodeIgniter\CodeIgniter->handleRequest(null, Object(Config\Cache), false)
12 SYSTEMPATH\Boot.php(363): CodeIgniter\CodeIgniter->run()
13 SYSTEMPATH\Boot.php(68): CodeIgniter\Boot::runCodeIgniter(Object(CodeIgniter\CodeIgniter))
14 FCPATH\index.php(59): CodeIgniter\Boot::bootWeb(Object(Config\Paths))
15 SYSTEMPATH\rewrite.php(44): require_once('C:\\xampp\\htdocs\\sidodik\\public\\index.php')
CRITICAL - 2025-09-02 11:18:05 --> [Caused by] mysqli_sql_exception: Duplicate entry '' for key 'nip'
in SYSTEMPATH\Database\MySQLi\Connection.php on line 327.
 1 SYSTEMPATH\Database\MySQLi\Connection.php(327): mysqli->query('INSERT INTO `users` (`username`, `nip`, `password`, `nama_lengkap`, `role`, `status`, `created_at`, `updated_at`) VALUES (\'testestes\', \'\', \'$2y$10$eEnOl1BuZUFzAJ1UJIxEi.anrAD.H6/s1xZsomHxfGKsjuPm3aARq\', \'zuherrrrrrrrrrrrrrrrrr\', \'user\', \'aktif\', \'2025-09-02 11:18:05\', \'2025-09-02 11:18:05\')', 0)
 2 SYSTEMPATH\Database\BaseConnection.php(729): CodeIgniter\Database\MySQLi\Connection->execute('INSERT INTO `users` (`username`, `nip`, `password`, `nama_lengkap`, `role`, `status`, `created_at`, `updated_at`) VALUES (\'testestes\', \'\', \'$2y$10$eEnOl1BuZUFzAJ1UJIxEi.anrAD.H6/s1xZsomHxfGKsjuPm3aARq\', \'zuherrrrrrrrrrrrrrrrrr\', \'user\', \'aktif\', \'2025-09-02 11:18:05\', \'2025-09-02 11:18:05\')')
 3 SYSTEMPATH\Database\BaseConnection.php(646): CodeIgniter\Database\BaseConnection->simpleQuery('INSERT INTO `users` (`username`, `nip`, `password`, `nama_lengkap`, `role`, `status`, `created_at`, `updated_at`) VALUES (\'testestes\', \'\', \'$2y$10$eEnOl1BuZUFzAJ1UJIxEi.anrAD.H6/s1xZsomHxfGKsjuPm3aARq\', \'zuherrrrrrrrrrrrrrrrrr\', \'user\', \'aktif\', \'2025-09-02 11:18:05\', \'2025-09-02 11:18:05\')')
 4 SYSTEMPATH\Database\BaseBuilder.php(2345): CodeIgniter\Database\BaseConnection->query('INSERT INTO `users` (`username`, `nip`, `password`, `nama_lengkap`, `role`, `status`, `created_at`, `updated_at`) VALUES (:username:, :nip:, :password:, :nama_lengkap:, :role:, :status:, :created_at:, :updated_at:)', [...], false)
 5 SYSTEMPATH\Model.php(394): CodeIgniter\Database\BaseBuilder->insert()
 6 SYSTEMPATH\BaseModel.php(838): CodeIgniter\Model->doInsert([...])
 7 SYSTEMPATH\Model.php(797): CodeIgniter\BaseModel->insert([...], false)
 8 SYSTEMPATH\BaseModel.php(751): CodeIgniter\Model->insert([...], false)
 9 APPPATH\Controllers\Admin.php(598): CodeIgniter\BaseModel->save([...])
10 SYSTEMPATH\CodeIgniter.php(933): App\Controllers\Admin->addUser()
11 SYSTEMPATH\CodeIgniter.php(507): CodeIgniter\CodeIgniter->runController(Object(App\Controllers\Admin))
12 SYSTEMPATH\CodeIgniter.php(354): CodeIgniter\CodeIgniter->handleRequest(null, Object(Config\Cache), false)
13 SYSTEMPATH\Boot.php(363): CodeIgniter\CodeIgniter->run()
14 SYSTEMPATH\Boot.php(68): CodeIgniter\Boot::runCodeIgniter(Object(CodeIgniter\CodeIgniter))
15 FCPATH\index.php(59): CodeIgniter\Boot::bootWeb(Object(Config\Paths))
16 SYSTEMPATH\rewrite.php(44): require_once('C:\\xampp\\htdocs\\sidodik\\public\\index.php')
ERROR - 2025-09-02 11:42:25 --> mysqli_sql_exception: Duplicate entry '' for key 'nip' in C:\xampp\htdocs\sidodik\system\Database\MySQLi\Connection.php:327
Stack trace:
#0 C:\xampp\htdocs\sidodik\system\Database\MySQLi\Connection.php(327): mysqli->query('INSERT INTO `us...', 0)
#1 C:\xampp\htdocs\sidodik\system\Database\BaseConnection.php(729): CodeIgniter\Database\MySQLi\Connection->execute('INSERT INTO `us...')
#2 C:\xampp\htdocs\sidodik\system\Database\BaseConnection.php(646): CodeIgniter\Database\BaseConnection->simpleQuery('INSERT INTO `us...')
#3 C:\xampp\htdocs\sidodik\system\Database\BaseBuilder.php(2345): CodeIgniter\Database\BaseConnection->query('INSERT INTO `us...', Array, false)
#4 C:\xampp\htdocs\sidodik\system\Model.php(394): CodeIgniter\Database\BaseBuilder->insert()
#5 C:\xampp\htdocs\sidodik\system\BaseModel.php(838): CodeIgniter\Model->doInsert(Array)
#6 C:\xampp\htdocs\sidodik\system\Model.php(797): CodeIgniter\BaseModel->insert(Array, false)
#7 C:\xampp\htdocs\sidodik\system\BaseModel.php(751): CodeIgniter\Model->insert(Array, false)
#8 C:\xampp\htdocs\sidodik\app\Controllers\Admin.php(598): CodeIgniter\BaseModel->save(Array)
#9 C:\xampp\htdocs\sidodik\system\CodeIgniter.php(933): App\Controllers\Admin->addUser()
#10 C:\xampp\htdocs\sidodik\system\CodeIgniter.php(507): CodeIgniter\CodeIgniter->runController(Object(App\Controllers\Admin))
#11 C:\xampp\htdocs\sidodik\system\CodeIgniter.php(354): CodeIgniter\CodeIgniter->handleRequest(NULL, Object(Config\Cache), false)
#12 C:\xampp\htdocs\sidodik\system\Boot.php(363): CodeIgniter\CodeIgniter->run()
#13 C:\xampp\htdocs\sidodik\system\Boot.php(68): CodeIgniter\Boot::runCodeIgniter(Object(CodeIgniter\CodeIgniter))
#14 C:\xampp\htdocs\sidodik\public\index.php(59): CodeIgniter\Boot::bootWeb(Object(Config\Paths))
#15 C:\xampp\htdocs\sidodik\system\rewrite.php(44): require_once('C:\\xampp\\htdocs...')
#16 {main}
CRITICAL - 2025-09-02 11:42:25 --> CodeIgniter\Database\Exceptions\DatabaseException: Duplicate entry '' for key 'nip'
[Method: POST, Route: admin/user/add]
in SYSTEMPATH\Database\BaseConnection.php on line 684.
 1 SYSTEMPATH\Database\BaseBuilder.php(2345): CodeIgniter\Database\BaseConnection->query('INSERT INTO `users` (`username`, `nip`, `password`, `nama_lengkap`, `role`, `status`, `created_at`, `updated_at`) VALUES (:username:, :nip:, :password:, :nama_lengkap:, :role:, :status:, :created_at:, :updated_at:)', [...], false)
 2 SYSTEMPATH\Model.php(394): CodeIgniter\Database\BaseBuilder->insert()
 3 SYSTEMPATH\BaseModel.php(838): CodeIgniter\Model->doInsert([...])
 4 SYSTEMPATH\Model.php(797): CodeIgniter\BaseModel->insert([...], false)
 5 SYSTEMPATH\BaseModel.php(751): CodeIgniter\Model->insert([...], false)
 6 APPPATH\Controllers\Admin.php(598): CodeIgniter\BaseModel->save([...])
 7 SYSTEMPATH\CodeIgniter.php(933): App\Controllers\Admin->addUser()
 8 SYSTEMPATH\CodeIgniter.php(507): CodeIgniter\CodeIgniter->runController(Object(App\Controllers\Admin))
 9 SYSTEMPATH\CodeIgniter.php(354): CodeIgniter\CodeIgniter->handleRequest(null, Object(Config\Cache), false)
10 SYSTEMPATH\Boot.php(363): CodeIgniter\CodeIgniter->run()
11 SYSTEMPATH\Boot.php(68): CodeIgniter\Boot::runCodeIgniter(Object(CodeIgniter\CodeIgniter))
12 FCPATH\index.php(59): CodeIgniter\Boot::bootWeb(Object(Config\Paths))
13 SYSTEMPATH\rewrite.php(44): require_once('C:\\xampp\\htdocs\\sidodik\\public\\index.php')
CRITICAL - 2025-09-02 11:42:25 --> [Caused by] CodeIgniter\Database\Exceptions\DatabaseException: Duplicate entry '' for key 'nip'
in SYSTEMPATH\Database\MySQLi\Connection.php on line 332.
 1 SYSTEMPATH\Database\BaseConnection.php(729): CodeIgniter\Database\MySQLi\Connection->execute('INSERT INTO `users` (`username`, `nip`, `password`, `nama_lengkap`, `role`, `status`, `created_at`, `updated_at`) VALUES (\'StarchasmXXX\', \'\', \'$2y$10$ONouzuDi.KdX.NlAioLJO.trMPW7O./O5oxq/M6E1zOwpIlg.K3uy\', \'zaky lengkap\', \'admin\', \'aktif\', \'2025-09-02 11:42:25\', \'2025-09-02 11:42:25\')')
 2 SYSTEMPATH\Database\BaseConnection.php(646): CodeIgniter\Database\BaseConnection->simpleQuery('INSERT INTO `users` (`username`, `nip`, `password`, `nama_lengkap`, `role`, `status`, `created_at`, `updated_at`) VALUES (\'StarchasmXXX\', \'\', \'$2y$10$ONouzuDi.KdX.NlAioLJO.trMPW7O./O5oxq/M6E1zOwpIlg.K3uy\', \'zaky lengkap\', \'admin\', \'aktif\', \'2025-09-02 11:42:25\', \'2025-09-02 11:42:25\')')
 3 SYSTEMPATH\Database\BaseBuilder.php(2345): CodeIgniter\Database\BaseConnection->query('INSERT INTO `users` (`username`, `nip`, `password`, `nama_lengkap`, `role`, `status`, `created_at`, `updated_at`) VALUES (:username:, :nip:, :password:, :nama_lengkap:, :role:, :status:, :created_at:, :updated_at:)', [...], false)
 4 SYSTEMPATH\Model.php(394): CodeIgniter\Database\BaseBuilder->insert()
 5 SYSTEMPATH\BaseModel.php(838): CodeIgniter\Model->doInsert([...])
 6 SYSTEMPATH\Model.php(797): CodeIgniter\BaseModel->insert([...], false)
 7 SYSTEMPATH\BaseModel.php(751): CodeIgniter\Model->insert([...], false)
 8 APPPATH\Controllers\Admin.php(598): CodeIgniter\BaseModel->save([...])
 9 SYSTEMPATH\CodeIgniter.php(933): App\Controllers\Admin->addUser()
10 SYSTEMPATH\CodeIgniter.php(507): CodeIgniter\CodeIgniter->runController(Object(App\Controllers\Admin))
11 SYSTEMPATH\CodeIgniter.php(354): CodeIgniter\CodeIgniter->handleRequest(null, Object(Config\Cache), false)
12 SYSTEMPATH\Boot.php(363): CodeIgniter\CodeIgniter->run()
13 SYSTEMPATH\Boot.php(68): CodeIgniter\Boot::runCodeIgniter(Object(CodeIgniter\CodeIgniter))
14 FCPATH\index.php(59): CodeIgniter\Boot::bootWeb(Object(Config\Paths))
15 SYSTEMPATH\rewrite.php(44): require_once('C:\\xampp\\htdocs\\sidodik\\public\\index.php')
CRITICAL - 2025-09-02 11:42:25 --> [Caused by] mysqli_sql_exception: Duplicate entry '' for key 'nip'
in SYSTEMPATH\Database\MySQLi\Connection.php on line 327.
 1 SYSTEMPATH\Database\MySQLi\Connection.php(327): mysqli->query('INSERT INTO `users` (`username`, `nip`, `password`, `nama_lengkap`, `role`, `status`, `created_at`, `updated_at`) VALUES (\'StarchasmXXX\', \'\', \'$2y$10$ONouzuDi.KdX.NlAioLJO.trMPW7O./O5oxq/M6E1zOwpIlg.K3uy\', \'zaky lengkap\', \'admin\', \'aktif\', \'2025-09-02 11:42:25\', \'2025-09-02 11:42:25\')', 0)
 2 SYSTEMPATH\Database\BaseConnection.php(729): CodeIgniter\Database\MySQLi\Connection->execute('INSERT INTO `users` (`username`, `nip`, `password`, `nama_lengkap`, `role`, `status`, `created_at`, `updated_at`) VALUES (\'StarchasmXXX\', \'\', \'$2y$10$ONouzuDi.KdX.NlAioLJO.trMPW7O./O5oxq/M6E1zOwpIlg.K3uy\', \'zaky lengkap\', \'admin\', \'aktif\', \'2025-09-02 11:42:25\', \'2025-09-02 11:42:25\')')
 3 SYSTEMPATH\Database\BaseConnection.php(646): CodeIgniter\Database\BaseConnection->simpleQuery('INSERT INTO `users` (`username`, `nip`, `password`, `nama_lengkap`, `role`, `status`, `created_at`, `updated_at`) VALUES (\'StarchasmXXX\', \'\', \'$2y$10$ONouzuDi.KdX.NlAioLJO.trMPW7O./O5oxq/M6E1zOwpIlg.K3uy\', \'zaky lengkap\', \'admin\', \'aktif\', \'2025-09-02 11:42:25\', \'2025-09-02 11:42:25\')')
 4 SYSTEMPATH\Database\BaseBuilder.php(2345): CodeIgniter\Database\BaseConnection->query('INSERT INTO `users` (`username`, `nip`, `password`, `nama_lengkap`, `role`, `status`, `created_at`, `updated_at`) VALUES (:username:, :nip:, :password:, :nama_lengkap:, :role:, :status:, :created_at:, :updated_at:)', [...], false)
 5 SYSTEMPATH\Model.php(394): CodeIgniter\Database\BaseBuilder->insert()
 6 SYSTEMPATH\BaseModel.php(838): CodeIgniter\Model->doInsert([...])
 7 SYSTEMPATH\Model.php(797): CodeIgniter\BaseModel->insert([...], false)
 8 SYSTEMPATH\BaseModel.php(751): CodeIgniter\Model->insert([...], false)
 9 APPPATH\Controllers\Admin.php(598): CodeIgniter\BaseModel->save([...])
10 SYSTEMPATH\CodeIgniter.php(933): App\Controllers\Admin->addUser()
11 SYSTEMPATH\CodeIgniter.php(507): CodeIgniter\CodeIgniter->runController(Object(App\Controllers\Admin))
12 SYSTEMPATH\CodeIgniter.php(354): CodeIgniter\CodeIgniter->handleRequest(null, Object(Config\Cache), false)
13 SYSTEMPATH\Boot.php(363): CodeIgniter\CodeIgniter->run()
14 SYSTEMPATH\Boot.php(68): CodeIgniter\Boot::runCodeIgniter(Object(CodeIgniter\CodeIgniter))
15 FCPATH\index.php(59): CodeIgniter\Boot::bootWeb(Object(Config\Paths))
16 SYSTEMPATH\rewrite.php(44): require_once('C:\\xampp\\htdocs\\sidodik\\public\\index.php')
ERROR - 2025-09-02 11:43:15 --> mysqli_sql_exception: Duplicate entry '' for key 'nip' in C:\xampp\htdocs\sidodik\system\Database\MySQLi\Connection.php:327
Stack trace:
#0 C:\xampp\htdocs\sidodik\system\Database\MySQLi\Connection.php(327): mysqli->query('INSERT INTO `us...', 0)
#1 C:\xampp\htdocs\sidodik\system\Database\BaseConnection.php(729): CodeIgniter\Database\MySQLi\Connection->execute('INSERT INTO `us...')
#2 C:\xampp\htdocs\sidodik\system\Database\BaseConnection.php(646): CodeIgniter\Database\BaseConnection->simpleQuery('INSERT INTO `us...')
#3 C:\xampp\htdocs\sidodik\system\Database\BaseBuilder.php(2345): CodeIgniter\Database\BaseConnection->query('INSERT INTO `us...', Array, false)
#4 C:\xampp\htdocs\sidodik\system\Model.php(394): CodeIgniter\Database\BaseBuilder->insert()
#5 C:\xampp\htdocs\sidodik\system\BaseModel.php(838): CodeIgniter\Model->doInsert(Array)
#6 C:\xampp\htdocs\sidodik\system\Model.php(797): CodeIgniter\BaseModel->insert(Array, false)
#7 C:\xampp\htdocs\sidodik\system\BaseModel.php(751): CodeIgniter\Model->insert(Array, false)
#8 C:\xampp\htdocs\sidodik\app\Controllers\Admin.php(598): CodeIgniter\BaseModel->save(Array)
#9 C:\xampp\htdocs\sidodik\system\CodeIgniter.php(933): App\Controllers\Admin->addUser()
#10 C:\xampp\htdocs\sidodik\system\CodeIgniter.php(507): CodeIgniter\CodeIgniter->runController(Object(App\Controllers\Admin))
#11 C:\xampp\htdocs\sidodik\system\CodeIgniter.php(354): CodeIgniter\CodeIgniter->handleRequest(NULL, Object(Config\Cache), false)
#12 C:\xampp\htdocs\sidodik\system\Boot.php(363): CodeIgniter\CodeIgniter->run()
#13 C:\xampp\htdocs\sidodik\system\Boot.php(68): CodeIgniter\Boot::runCodeIgniter(Object(CodeIgniter\CodeIgniter))
#14 C:\xampp\htdocs\sidodik\public\index.php(59): CodeIgniter\Boot::bootWeb(Object(Config\Paths))
#15 C:\xampp\htdocs\sidodik\system\rewrite.php(44): require_once('C:\\xampp\\htdocs...')
#16 {main}
CRITICAL - 2025-09-02 11:43:15 --> CodeIgniter\Database\Exceptions\DatabaseException: Duplicate entry '' for key 'nip'
[Method: POST, Route: admin/user/add]
in SYSTEMPATH\Database\BaseConnection.php on line 684.
 1 SYSTEMPATH\Database\BaseBuilder.php(2345): CodeIgniter\Database\BaseConnection->query('INSERT INTO `users` (`username`, `nip`, `password`, `nama_lengkap`, `role`, `status`, `created_at`, `updated_at`) VALUES (:username:, :nip:, :password:, :nama_lengkap:, :role:, :status:, :created_at:, :updated_at:)', [...], false)
 2 SYSTEMPATH\Model.php(394): CodeIgniter\Database\BaseBuilder->insert()
 3 SYSTEMPATH\BaseModel.php(838): CodeIgniter\Model->doInsert([...])
 4 SYSTEMPATH\Model.php(797): CodeIgniter\BaseModel->insert([...], false)
 5 SYSTEMPATH\BaseModel.php(751): CodeIgniter\Model->insert([...], false)
 6 APPPATH\Controllers\Admin.php(598): CodeIgniter\BaseModel->save([...])
 7 SYSTEMPATH\CodeIgniter.php(933): App\Controllers\Admin->addUser()
 8 SYSTEMPATH\CodeIgniter.php(507): CodeIgniter\CodeIgniter->runController(Object(App\Controllers\Admin))
 9 SYSTEMPATH\CodeIgniter.php(354): CodeIgniter\CodeIgniter->handleRequest(null, Object(Config\Cache), false)
10 SYSTEMPATH\Boot.php(363): CodeIgniter\CodeIgniter->run()
11 SYSTEMPATH\Boot.php(68): CodeIgniter\Boot::runCodeIgniter(Object(CodeIgniter\CodeIgniter))
12 FCPATH\index.php(59): CodeIgniter\Boot::bootWeb(Object(Config\Paths))
13 SYSTEMPATH\rewrite.php(44): require_once('C:\\xampp\\htdocs\\sidodik\\public\\index.php')
CRITICAL - 2025-09-02 11:43:15 --> [Caused by] CodeIgniter\Database\Exceptions\DatabaseException: Duplicate entry '' for key 'nip'
in SYSTEMPATH\Database\MySQLi\Connection.php on line 332.
 1 SYSTEMPATH\Database\BaseConnection.php(729): CodeIgniter\Database\MySQLi\Connection->execute('INSERT INTO `users` (`username`, `nip`, `password`, `nama_lengkap`, `role`, `status`, `created_at`, `updated_at`) VALUES (\'StarchasmX7\', \'\', \'$2y$10$0WmXENJhu.Gr9mlXhL53xOvflCC9OYNrqr/GYf61wibft7.wQPNFy\', \'zaky lengkappp *\', \'admin\', \'aktif\', \'2025-09-02 11:43:15\', \'2025-09-02 11:43:15\')')
 2 SYSTEMPATH\Database\BaseConnection.php(646): CodeIgniter\Database\BaseConnection->simpleQuery('INSERT INTO `users` (`username`, `nip`, `password`, `nama_lengkap`, `role`, `status`, `created_at`, `updated_at`) VALUES (\'StarchasmX7\', \'\', \'$2y$10$0WmXENJhu.Gr9mlXhL53xOvflCC9OYNrqr/GYf61wibft7.wQPNFy\', \'zaky lengkappp *\', \'admin\', \'aktif\', \'2025-09-02 11:43:15\', \'2025-09-02 11:43:15\')')
 3 SYSTEMPATH\Database\BaseBuilder.php(2345): CodeIgniter\Database\BaseConnection->query('INSERT INTO `users` (`username`, `nip`, `password`, `nama_lengkap`, `role`, `status`, `created_at`, `updated_at`) VALUES (:username:, :nip:, :password:, :nama_lengkap:, :role:, :status:, :created_at:, :updated_at:)', [...], false)
 4 SYSTEMPATH\Model.php(394): CodeIgniter\Database\BaseBuilder->insert()
 5 SYSTEMPATH\BaseModel.php(838): CodeIgniter\Model->doInsert([...])
 6 SYSTEMPATH\Model.php(797): CodeIgniter\BaseModel->insert([...], false)
 7 SYSTEMPATH\BaseModel.php(751): CodeIgniter\Model->insert([...], false)
 8 APPPATH\Controllers\Admin.php(598): CodeIgniter\BaseModel->save([...])
 9 SYSTEMPATH\CodeIgniter.php(933): App\Controllers\Admin->addUser()
10 SYSTEMPATH\CodeIgniter.php(507): CodeIgniter\CodeIgniter->runController(Object(App\Controllers\Admin))
11 SYSTEMPATH\CodeIgniter.php(354): CodeIgniter\CodeIgniter->handleRequest(null, Object(Config\Cache), false)
12 SYSTEMPATH\Boot.php(363): CodeIgniter\CodeIgniter->run()
13 SYSTEMPATH\Boot.php(68): CodeIgniter\Boot::runCodeIgniter(Object(CodeIgniter\CodeIgniter))
14 FCPATH\index.php(59): CodeIgniter\Boot::bootWeb(Object(Config\Paths))
15 SYSTEMPATH\rewrite.php(44): require_once('C:\\xampp\\htdocs\\sidodik\\public\\index.php')
CRITICAL - 2025-09-02 11:43:15 --> [Caused by] mysqli_sql_exception: Duplicate entry '' for key 'nip'
in SYSTEMPATH\Database\MySQLi\Connection.php on line 327.
 1 SYSTEMPATH\Database\MySQLi\Connection.php(327): mysqli->query('INSERT INTO `users` (`username`, `nip`, `password`, `nama_lengkap`, `role`, `status`, `created_at`, `updated_at`) VALUES (\'StarchasmX7\', \'\', \'$2y$10$0WmXENJhu.Gr9mlXhL53xOvflCC9OYNrqr/GYf61wibft7.wQPNFy\', \'zaky lengkappp *\', \'admin\', \'aktif\', \'2025-09-02 11:43:15\', \'2025-09-02 11:43:15\')', 0)
 2 SYSTEMPATH\Database\BaseConnection.php(729): CodeIgniter\Database\MySQLi\Connection->execute('INSERT INTO `users` (`username`, `nip`, `password`, `nama_lengkap`, `role`, `status`, `created_at`, `updated_at`) VALUES (\'StarchasmX7\', \'\', \'$2y$10$0WmXENJhu.Gr9mlXhL53xOvflCC9OYNrqr/GYf61wibft7.wQPNFy\', \'zaky lengkappp *\', \'admin\', \'aktif\', \'2025-09-02 11:43:15\', \'2025-09-02 11:43:15\')')
 3 SYSTEMPATH\Database\BaseConnection.php(646): CodeIgniter\Database\BaseConnection->simpleQuery('INSERT INTO `users` (`username`, `nip`, `password`, `nama_lengkap`, `role`, `status`, `created_at`, `updated_at`) VALUES (\'StarchasmX7\', \'\', \'$2y$10$0WmXENJhu.Gr9mlXhL53xOvflCC9OYNrqr/GYf61wibft7.wQPNFy\', \'zaky lengkappp *\', \'admin\', \'aktif\', \'2025-09-02 11:43:15\', \'2025-09-02 11:43:15\')')
 4 SYSTEMPATH\Database\BaseBuilder.php(2345): CodeIgniter\Database\BaseConnection->query('INSERT INTO `users` (`username`, `nip`, `password`, `nama_lengkap`, `role`, `status`, `created_at`, `updated_at`) VALUES (:username:, :nip:, :password:, :nama_lengkap:, :role:, :status:, :created_at:, :updated_at:)', [...], false)
 5 SYSTEMPATH\Model.php(394): CodeIgniter\Database\BaseBuilder->insert()
 6 SYSTEMPATH\BaseModel.php(838): CodeIgniter\Model->doInsert([...])
 7 SYSTEMPATH\Model.php(797): CodeIgniter\BaseModel->insert([...], false)
 8 SYSTEMPATH\BaseModel.php(751): CodeIgniter\Model->insert([...], false)
 9 APPPATH\Controllers\Admin.php(598): CodeIgniter\BaseModel->save([...])
10 SYSTEMPATH\CodeIgniter.php(933): App\Controllers\Admin->addUser()
11 SYSTEMPATH\CodeIgniter.php(507): CodeIgniter\CodeIgniter->runController(Object(App\Controllers\Admin))
12 SYSTEMPATH\CodeIgniter.php(354): CodeIgniter\CodeIgniter->handleRequest(null, Object(Config\Cache), false)
13 SYSTEMPATH\Boot.php(363): CodeIgniter\CodeIgniter->run()
14 SYSTEMPATH\Boot.php(68): CodeIgniter\Boot::runCodeIgniter(Object(CodeIgniter\CodeIgniter))
15 FCPATH\index.php(59): CodeIgniter\Boot::bootWeb(Object(Config\Paths))
16 SYSTEMPATH\rewrite.php(44): require_once('C:\\xampp\\htdocs\\sidodik\\public\\index.php')
ERROR - 2025-09-02 11:45:37 --> mysqli_sql_exception: Duplicate entry '' for key 'nip' in C:\xampp\htdocs\sidodik\system\Database\MySQLi\Connection.php:327
Stack trace:
#0 C:\xampp\htdocs\sidodik\system\Database\MySQLi\Connection.php(327): mysqli->query('INSERT INTO `us...', 0)
#1 C:\xampp\htdocs\sidodik\system\Database\BaseConnection.php(729): CodeIgniter\Database\MySQLi\Connection->execute('INSERT INTO `us...')
#2 C:\xampp\htdocs\sidodik\system\Database\BaseConnection.php(646): CodeIgniter\Database\BaseConnection->simpleQuery('INSERT INTO `us...')
#3 C:\xampp\htdocs\sidodik\system\Database\BaseBuilder.php(2345): CodeIgniter\Database\BaseConnection->query('INSERT INTO `us...', Array, false)
#4 C:\xampp\htdocs\sidodik\system\Model.php(394): CodeIgniter\Database\BaseBuilder->insert()
#5 C:\xampp\htdocs\sidodik\system\BaseModel.php(838): CodeIgniter\Model->doInsert(Array)
#6 C:\xampp\htdocs\sidodik\system\Model.php(797): CodeIgniter\BaseModel->insert(Array, false)
#7 C:\xampp\htdocs\sidodik\system\BaseModel.php(751): CodeIgniter\Model->insert(Array, false)
#8 C:\xampp\htdocs\sidodik\app\Controllers\Admin.php(598): CodeIgniter\BaseModel->save(Array)
#9 C:\xampp\htdocs\sidodik\system\CodeIgniter.php(933): App\Controllers\Admin->addUser()
#10 C:\xampp\htdocs\sidodik\system\CodeIgniter.php(507): CodeIgniter\CodeIgniter->runController(Object(App\Controllers\Admin))
#11 C:\xampp\htdocs\sidodik\system\CodeIgniter.php(354): CodeIgniter\CodeIgniter->handleRequest(NULL, Object(Config\Cache), false)
#12 C:\xampp\htdocs\sidodik\system\Boot.php(363): CodeIgniter\CodeIgniter->run()
#13 C:\xampp\htdocs\sidodik\system\Boot.php(68): CodeIgniter\Boot::runCodeIgniter(Object(CodeIgniter\CodeIgniter))
#14 C:\xampp\htdocs\sidodik\public\index.php(59): CodeIgniter\Boot::bootWeb(Object(Config\Paths))
#15 C:\xampp\htdocs\sidodik\system\rewrite.php(44): require_once('C:\\xampp\\htdocs...')
#16 {main}
CRITICAL - 2025-09-02 11:45:37 --> CodeIgniter\Database\Exceptions\DatabaseException: Duplicate entry '' for key 'nip'
[Method: POST, Route: admin/user/add]
in SYSTEMPATH\Database\BaseConnection.php on line 684.
 1 SYSTEMPATH\Database\BaseBuilder.php(2345): CodeIgniter\Database\BaseConnection->query('INSERT INTO `users` (`username`, `nip`, `password`, `nama_lengkap`, `role`, `status`, `created_at`, `updated_at`) VALUES (:username:, :nip:, :password:, :nama_lengkap:, :role:, :status:, :created_at:, :updated_at:)', [...], false)
 2 SYSTEMPATH\Model.php(394): CodeIgniter\Database\BaseBuilder->insert()
 3 SYSTEMPATH\BaseModel.php(838): CodeIgniter\Model->doInsert([...])
 4 SYSTEMPATH\Model.php(797): CodeIgniter\BaseModel->insert([...], false)
 5 SYSTEMPATH\BaseModel.php(751): CodeIgniter\Model->insert([...], false)
 6 APPPATH\Controllers\Admin.php(598): CodeIgniter\BaseModel->save([...])
 7 SYSTEMPATH\CodeIgniter.php(933): App\Controllers\Admin->addUser()
 8 SYSTEMPATH\CodeIgniter.php(507): CodeIgniter\CodeIgniter->runController(Object(App\Controllers\Admin))
 9 SYSTEMPATH\CodeIgniter.php(354): CodeIgniter\CodeIgniter->handleRequest(null, Object(Config\Cache), false)
10 SYSTEMPATH\Boot.php(363): CodeIgniter\CodeIgniter->run()
11 SYSTEMPATH\Boot.php(68): CodeIgniter\Boot::runCodeIgniter(Object(CodeIgniter\CodeIgniter))
12 FCPATH\index.php(59): CodeIgniter\Boot::bootWeb(Object(Config\Paths))
13 SYSTEMPATH\rewrite.php(44): require_once('C:\\xampp\\htdocs\\sidodik\\public\\index.php')
CRITICAL - 2025-09-02 11:45:37 --> [Caused by] CodeIgniter\Database\Exceptions\DatabaseException: Duplicate entry '' for key 'nip'
in SYSTEMPATH\Database\MySQLi\Connection.php on line 332.
 1 SYSTEMPATH\Database\BaseConnection.php(729): CodeIgniter\Database\MySQLi\Connection->execute('INSERT INTO `users` (`username`, `nip`, `password`, `nama_lengkap`, `role`, `status`, `created_at`, `updated_at`) VALUES (\'zakyz\', \'\', \'$2y$10$FSEPUjUy6FbPnsv/kZii2e16soy0J.oPF8dyZvpPCV.SbLa2N6RKa\', \'zuherrrruuuuuuuuuuuuuuu\', \'admin\', \'aktif\', \'2025-09-02 11:45:37\', \'2025-09-02 11:45:37\')')
 2 SYSTEMPATH\Database\BaseConnection.php(646): CodeIgniter\Database\BaseConnection->simpleQuery('INSERT INTO `users` (`username`, `nip`, `password`, `nama_lengkap`, `role`, `status`, `created_at`, `updated_at`) VALUES (\'zakyz\', \'\', \'$2y$10$FSEPUjUy6FbPnsv/kZii2e16soy0J.oPF8dyZvpPCV.SbLa2N6RKa\', \'zuherrrruuuuuuuuuuuuuuu\', \'admin\', \'aktif\', \'2025-09-02 11:45:37\', \'2025-09-02 11:45:37\')')
 3 SYSTEMPATH\Database\BaseBuilder.php(2345): CodeIgniter\Database\BaseConnection->query('INSERT INTO `users` (`username`, `nip`, `password`, `nama_lengkap`, `role`, `status`, `created_at`, `updated_at`) VALUES (:username:, :nip:, :password:, :nama_lengkap:, :role:, :status:, :created_at:, :updated_at:)', [...], false)
 4 SYSTEMPATH\Model.php(394): CodeIgniter\Database\BaseBuilder->insert()
 5 SYSTEMPATH\BaseModel.php(838): CodeIgniter\Model->doInsert([...])
 6 SYSTEMPATH\Model.php(797): CodeIgniter\BaseModel->insert([...], false)
 7 SYSTEMPATH\BaseModel.php(751): CodeIgniter\Model->insert([...], false)
 8 APPPATH\Controllers\Admin.php(598): CodeIgniter\BaseModel->save([...])
 9 SYSTEMPATH\CodeIgniter.php(933): App\Controllers\Admin->addUser()
10 SYSTEMPATH\CodeIgniter.php(507): CodeIgniter\CodeIgniter->runController(Object(App\Controllers\Admin))
11 SYSTEMPATH\CodeIgniter.php(354): CodeIgniter\CodeIgniter->handleRequest(null, Object(Config\Cache), false)
12 SYSTEMPATH\Boot.php(363): CodeIgniter\CodeIgniter->run()
13 SYSTEMPATH\Boot.php(68): CodeIgniter\Boot::runCodeIgniter(Object(CodeIgniter\CodeIgniter))
14 FCPATH\index.php(59): CodeIgniter\Boot::bootWeb(Object(Config\Paths))
15 SYSTEMPATH\rewrite.php(44): require_once('C:\\xampp\\htdocs\\sidodik\\public\\index.php')
CRITICAL - 2025-09-02 11:45:37 --> [Caused by] mysqli_sql_exception: Duplicate entry '' for key 'nip'
in SYSTEMPATH\Database\MySQLi\Connection.php on line 327.
 1 SYSTEMPATH\Database\MySQLi\Connection.php(327): mysqli->query('INSERT INTO `users` (`username`, `nip`, `password`, `nama_lengkap`, `role`, `status`, `created_at`, `updated_at`) VALUES (\'zakyz\', \'\', \'$2y$10$FSEPUjUy6FbPnsv/kZii2e16soy0J.oPF8dyZvpPCV.SbLa2N6RKa\', \'zuherrrruuuuuuuuuuuuuuu\', \'admin\', \'aktif\', \'2025-09-02 11:45:37\', \'2025-09-02 11:45:37\')', 0)
 2 SYSTEMPATH\Database\BaseConnection.php(729): CodeIgniter\Database\MySQLi\Connection->execute('INSERT INTO `users` (`username`, `nip`, `password`, `nama_lengkap`, `role`, `status`, `created_at`, `updated_at`) VALUES (\'zakyz\', \'\', \'$2y$10$FSEPUjUy6FbPnsv/kZii2e16soy0J.oPF8dyZvpPCV.SbLa2N6RKa\', \'zuherrrruuuuuuuuuuuuuuu\', \'admin\', \'aktif\', \'2025-09-02 11:45:37\', \'2025-09-02 11:45:37\')')
 3 SYSTEMPATH\Database\BaseConnection.php(646): CodeIgniter\Database\BaseConnection->simpleQuery('INSERT INTO `users` (`username`, `nip`, `password`, `nama_lengkap`, `role`, `status`, `created_at`, `updated_at`) VALUES (\'zakyz\', \'\', \'$2y$10$FSEPUjUy6FbPnsv/kZii2e16soy0J.oPF8dyZvpPCV.SbLa2N6RKa\', \'zuherrrruuuuuuuuuuuuuuu\', \'admin\', \'aktif\', \'2025-09-02 11:45:37\', \'2025-09-02 11:45:37\')')
 4 SYSTEMPATH\Database\BaseBuilder.php(2345): CodeIgniter\Database\BaseConnection->query('INSERT INTO `users` (`username`, `nip`, `password`, `nama_lengkap`, `role`, `status`, `created_at`, `updated_at`) VALUES (:username:, :nip:, :password:, :nama_lengkap:, :role:, :status:, :created_at:, :updated_at:)', [...], false)
 5 SYSTEMPATH\Model.php(394): CodeIgniter\Database\BaseBuilder->insert()
 6 SYSTEMPATH\BaseModel.php(838): CodeIgniter\Model->doInsert([...])
 7 SYSTEMPATH\Model.php(797): CodeIgniter\BaseModel->insert([...], false)
 8 SYSTEMPATH\BaseModel.php(751): CodeIgniter\Model->insert([...], false)
 9 APPPATH\Controllers\Admin.php(598): CodeIgniter\BaseModel->save([...])
10 SYSTEMPATH\CodeIgniter.php(933): App\Controllers\Admin->addUser()
11 SYSTEMPATH\CodeIgniter.php(507): CodeIgniter\CodeIgniter->runController(Object(App\Controllers\Admin))
12 SYSTEMPATH\CodeIgniter.php(354): CodeIgniter\CodeIgniter->handleRequest(null, Object(Config\Cache), false)
13 SYSTEMPATH\Boot.php(363): CodeIgniter\CodeIgniter->run()
14 SYSTEMPATH\Boot.php(68): CodeIgniter\Boot::runCodeIgniter(Object(CodeIgniter\CodeIgniter))
15 FCPATH\index.php(59): CodeIgniter\Boot::bootWeb(Object(Config\Paths))
16 SYSTEMPATH\rewrite.php(44): require_once('C:\\xampp\\htdocs\\sidodik\\public\\index.php')
ERROR - 2025-09-02 11:45:56 --> mysqli_sql_exception: Duplicate entry '' for key 'nip' in C:\xampp\htdocs\sidodik\system\Database\MySQLi\Connection.php:327
Stack trace:
#0 C:\xampp\htdocs\sidodik\system\Database\MySQLi\Connection.php(327): mysqli->query('INSERT INTO `us...', 0)
#1 C:\xampp\htdocs\sidodik\system\Database\BaseConnection.php(729): CodeIgniter\Database\MySQLi\Connection->execute('INSERT INTO `us...')
#2 C:\xampp\htdocs\sidodik\system\Database\BaseConnection.php(646): CodeIgniter\Database\BaseConnection->simpleQuery('INSERT INTO `us...')
#3 C:\xampp\htdocs\sidodik\system\Database\BaseBuilder.php(2345): CodeIgniter\Database\BaseConnection->query('INSERT INTO `us...', Array, false)
#4 C:\xampp\htdocs\sidodik\system\Model.php(394): CodeIgniter\Database\BaseBuilder->insert()
#5 C:\xampp\htdocs\sidodik\system\BaseModel.php(838): CodeIgniter\Model->doInsert(Array)
#6 C:\xampp\htdocs\sidodik\system\Model.php(797): CodeIgniter\BaseModel->insert(Array, false)
#7 C:\xampp\htdocs\sidodik\system\BaseModel.php(751): CodeIgniter\Model->insert(Array, false)
#8 C:\xampp\htdocs\sidodik\app\Controllers\Admin.php(598): CodeIgniter\BaseModel->save(Array)
#9 C:\xampp\htdocs\sidodik\system\CodeIgniter.php(933): App\Controllers\Admin->addUser()
#10 C:\xampp\htdocs\sidodik\system\CodeIgniter.php(507): CodeIgniter\CodeIgniter->runController(Object(App\Controllers\Admin))
#11 C:\xampp\htdocs\sidodik\system\CodeIgniter.php(354): CodeIgniter\CodeIgniter->handleRequest(NULL, Object(Config\Cache), false)
#12 C:\xampp\htdocs\sidodik\system\Boot.php(363): CodeIgniter\CodeIgniter->run()
#13 C:\xampp\htdocs\sidodik\system\Boot.php(68): CodeIgniter\Boot::runCodeIgniter(Object(CodeIgniter\CodeIgniter))
#14 C:\xampp\htdocs\sidodik\public\index.php(59): CodeIgniter\Boot::bootWeb(Object(Config\Paths))
#15 C:\xampp\htdocs\sidodik\system\rewrite.php(44): require_once('C:\\xampp\\htdocs...')
#16 {main}
CRITICAL - 2025-09-02 11:45:56 --> CodeIgniter\Database\Exceptions\DatabaseException: Duplicate entry '' for key 'nip'
[Method: POST, Route: admin/user/add]
in SYSTEMPATH\Database\BaseConnection.php on line 684.
 1 SYSTEMPATH\Database\BaseBuilder.php(2345): CodeIgniter\Database\BaseConnection->query('INSERT INTO `users` (`username`, `nip`, `password`, `nama_lengkap`, `role`, `status`, `created_at`, `updated_at`) VALUES (:username:, :nip:, :password:, :nama_lengkap:, :role:, :status:, :created_at:, :updated_at:)', [...], false)
 2 SYSTEMPATH\Model.php(394): CodeIgniter\Database\BaseBuilder->insert()
 3 SYSTEMPATH\BaseModel.php(838): CodeIgniter\Model->doInsert([...])
 4 SYSTEMPATH\Model.php(797): CodeIgniter\BaseModel->insert([...], false)
 5 SYSTEMPATH\BaseModel.php(751): CodeIgniter\Model->insert([...], false)
 6 APPPATH\Controllers\Admin.php(598): CodeIgniter\BaseModel->save([...])
 7 SYSTEMPATH\CodeIgniter.php(933): App\Controllers\Admin->addUser()
 8 SYSTEMPATH\CodeIgniter.php(507): CodeIgniter\CodeIgniter->runController(Object(App\Controllers\Admin))
 9 SYSTEMPATH\CodeIgniter.php(354): CodeIgniter\CodeIgniter->handleRequest(null, Object(Config\Cache), false)
10 SYSTEMPATH\Boot.php(363): CodeIgniter\CodeIgniter->run()
11 SYSTEMPATH\Boot.php(68): CodeIgniter\Boot::runCodeIgniter(Object(CodeIgniter\CodeIgniter))
12 FCPATH\index.php(59): CodeIgniter\Boot::bootWeb(Object(Config\Paths))
13 SYSTEMPATH\rewrite.php(44): require_once('C:\\xampp\\htdocs\\sidodik\\public\\index.php')
CRITICAL - 2025-09-02 11:45:56 --> [Caused by] CodeIgniter\Database\Exceptions\DatabaseException: Duplicate entry '' for key 'nip'
in SYSTEMPATH\Database\MySQLi\Connection.php on line 332.
 1 SYSTEMPATH\Database\BaseConnection.php(729): CodeIgniter\Database\MySQLi\Connection->execute('INSERT INTO `users` (`username`, `nip`, `password`, `nama_lengkap`, `role`, `status`, `created_at`, `updated_at`) VALUES (\'zakyz\', \'\', \'$2y$10$W3FuZ/sWix/BU/D8ZE2QOuvtNrPT893vlEt9Fsp7Ja7gJ5X9BRsm6\', \'zuherrrruuuuuuuuuuuuuuu\', \'user\', \'aktif\', \'2025-09-02 11:45:56\', \'2025-09-02 11:45:56\')')
 2 SYSTEMPATH\Database\BaseConnection.php(646): CodeIgniter\Database\BaseConnection->simpleQuery('INSERT INTO `users` (`username`, `nip`, `password`, `nama_lengkap`, `role`, `status`, `created_at`, `updated_at`) VALUES (\'zakyz\', \'\', \'$2y$10$W3FuZ/sWix/BU/D8ZE2QOuvtNrPT893vlEt9Fsp7Ja7gJ5X9BRsm6\', \'zuherrrruuuuuuuuuuuuuuu\', \'user\', \'aktif\', \'2025-09-02 11:45:56\', \'2025-09-02 11:45:56\')')
 3 SYSTEMPATH\Database\BaseBuilder.php(2345): CodeIgniter\Database\BaseConnection->query('INSERT INTO `users` (`username`, `nip`, `password`, `nama_lengkap`, `role`, `status`, `created_at`, `updated_at`) VALUES (:username:, :nip:, :password:, :nama_lengkap:, :role:, :status:, :created_at:, :updated_at:)', [...], false)
 4 SYSTEMPATH\Model.php(394): CodeIgniter\Database\BaseBuilder->insert()
 5 SYSTEMPATH\BaseModel.php(838): CodeIgniter\Model->doInsert([...])
 6 SYSTEMPATH\Model.php(797): CodeIgniter\BaseModel->insert([...], false)
 7 SYSTEMPATH\BaseModel.php(751): CodeIgniter\Model->insert([...], false)
 8 APPPATH\Controllers\Admin.php(598): CodeIgniter\BaseModel->save([...])
 9 SYSTEMPATH\CodeIgniter.php(933): App\Controllers\Admin->addUser()
10 SYSTEMPATH\CodeIgniter.php(507): CodeIgniter\CodeIgniter->runController(Object(App\Controllers\Admin))
11 SYSTEMPATH\CodeIgniter.php(354): CodeIgniter\CodeIgniter->handleRequest(null, Object(Config\Cache), false)
12 SYSTEMPATH\Boot.php(363): CodeIgniter\CodeIgniter->run()
13 SYSTEMPATH\Boot.php(68): CodeIgniter\Boot::runCodeIgniter(Object(CodeIgniter\CodeIgniter))
14 FCPATH\index.php(59): CodeIgniter\Boot::bootWeb(Object(Config\Paths))
15 SYSTEMPATH\rewrite.php(44): require_once('C:\\xampp\\htdocs\\sidodik\\public\\index.php')
CRITICAL - 2025-09-02 11:45:56 --> [Caused by] mysqli_sql_exception: Duplicate entry '' for key 'nip'
in SYSTEMPATH\Database\MySQLi\Connection.php on line 327.
 1 SYSTEMPATH\Database\MySQLi\Connection.php(327): mysqli->query('INSERT INTO `users` (`username`, `nip`, `password`, `nama_lengkap`, `role`, `status`, `created_at`, `updated_at`) VALUES (\'zakyz\', \'\', \'$2y$10$W3FuZ/sWix/BU/D8ZE2QOuvtNrPT893vlEt9Fsp7Ja7gJ5X9BRsm6\', \'zuherrrruuuuuuuuuuuuuuu\', \'user\', \'aktif\', \'2025-09-02 11:45:56\', \'2025-09-02 11:45:56\')', 0)
 2 SYSTEMPATH\Database\BaseConnection.php(729): CodeIgniter\Database\MySQLi\Connection->execute('INSERT INTO `users` (`username`, `nip`, `password`, `nama_lengkap`, `role`, `status`, `created_at`, `updated_at`) VALUES (\'zakyz\', \'\', \'$2y$10$W3FuZ/sWix/BU/D8ZE2QOuvtNrPT893vlEt9Fsp7Ja7gJ5X9BRsm6\', \'zuherrrruuuuuuuuuuuuuuu\', \'user\', \'aktif\', \'2025-09-02 11:45:56\', \'2025-09-02 11:45:56\')')
 3 SYSTEMPATH\Database\BaseConnection.php(646): CodeIgniter\Database\BaseConnection->simpleQuery('INSERT INTO `users` (`username`, `nip`, `password`, `nama_lengkap`, `role`, `status`, `created_at`, `updated_at`) VALUES (\'zakyz\', \'\', \'$2y$10$W3FuZ/sWix/BU/D8ZE2QOuvtNrPT893vlEt9Fsp7Ja7gJ5X9BRsm6\', \'zuherrrruuuuuuuuuuuuuuu\', \'user\', \'aktif\', \'2025-09-02 11:45:56\', \'2025-09-02 11:45:56\')')
 4 SYSTEMPATH\Database\BaseBuilder.php(2345): CodeIgniter\Database\BaseConnection->query('INSERT INTO `users` (`username`, `nip`, `password`, `nama_lengkap`, `role`, `status`, `created_at`, `updated_at`) VALUES (:username:, :nip:, :password:, :nama_lengkap:, :role:, :status:, :created_at:, :updated_at:)', [...], false)
 5 SYSTEMPATH\Model.php(394): CodeIgniter\Database\BaseBuilder->insert()
 6 SYSTEMPATH\BaseModel.php(838): CodeIgniter\Model->doInsert([...])
 7 SYSTEMPATH\Model.php(797): CodeIgniter\BaseModel->insert([...], false)
 8 SYSTEMPATH\BaseModel.php(751): CodeIgniter\Model->insert([...], false)
 9 APPPATH\Controllers\Admin.php(598): CodeIgniter\BaseModel->save([...])
10 SYSTEMPATH\CodeIgniter.php(933): App\Controllers\Admin->addUser()
11 SYSTEMPATH\CodeIgniter.php(507): CodeIgniter\CodeIgniter->runController(Object(App\Controllers\Admin))
12 SYSTEMPATH\CodeIgniter.php(354): CodeIgniter\CodeIgniter->handleRequest(null, Object(Config\Cache), false)
13 SYSTEMPATH\Boot.php(363): CodeIgniter\CodeIgniter->run()
14 SYSTEMPATH\Boot.php(68): CodeIgniter\Boot::runCodeIgniter(Object(CodeIgniter\CodeIgniter))
15 FCPATH\index.php(59): CodeIgniter\Boot::bootWeb(Object(Config\Paths))
16 SYSTEMPATH\rewrite.php(44): require_once('C:\\xampp\\htdocs\\sidodik\\public\\index.php')
ERROR - 2025-09-02 12:41:47 --> mysqli_sql_exception: Duplicate entry '' for key 'nip' in C:\xampp\htdocs\sidodik\system\Database\MySQLi\Connection.php:327
Stack trace:
#0 C:\xampp\htdocs\sidodik\system\Database\MySQLi\Connection.php(327): mysqli->query('INSERT INTO `us...', 0)
#1 C:\xampp\htdocs\sidodik\system\Database\BaseConnection.php(729): CodeIgniter\Database\MySQLi\Connection->execute('INSERT INTO `us...')
#2 C:\xampp\htdocs\sidodik\system\Database\BaseConnection.php(646): CodeIgniter\Database\BaseConnection->simpleQuery('INSERT INTO `us...')
#3 C:\xampp\htdocs\sidodik\system\Database\BaseBuilder.php(2345): CodeIgniter\Database\BaseConnection->query('INSERT INTO `us...', Array, false)
#4 C:\xampp\htdocs\sidodik\system\Model.php(394): CodeIgniter\Database\BaseBuilder->insert()
#5 C:\xampp\htdocs\sidodik\system\BaseModel.php(838): CodeIgniter\Model->doInsert(Array)
#6 C:\xampp\htdocs\sidodik\system\Model.php(797): CodeIgniter\BaseModel->insert(Array, false)
#7 C:\xampp\htdocs\sidodik\system\BaseModel.php(751): CodeIgniter\Model->insert(Array, false)
#8 C:\xampp\htdocs\sidodik\app\Controllers\Admin.php(598): CodeIgniter\BaseModel->save(Array)
#9 C:\xampp\htdocs\sidodik\system\CodeIgniter.php(933): App\Controllers\Admin->addUser()
#10 C:\xampp\htdocs\sidodik\system\CodeIgniter.php(507): CodeIgniter\CodeIgniter->runController(Object(App\Controllers\Admin))
#11 C:\xampp\htdocs\sidodik\system\CodeIgniter.php(354): CodeIgniter\CodeIgniter->handleRequest(NULL, Object(Config\Cache), false)
#12 C:\xampp\htdocs\sidodik\system\Boot.php(363): CodeIgniter\CodeIgniter->run()
#13 C:\xampp\htdocs\sidodik\system\Boot.php(68): CodeIgniter\Boot::runCodeIgniter(Object(CodeIgniter\CodeIgniter))
#14 C:\xampp\htdocs\sidodik\public\index.php(59): CodeIgniter\Boot::bootWeb(Object(Config\Paths))
#15 C:\xampp\htdocs\sidodik\system\rewrite.php(44): require_once('C:\\xampp\\htdocs...')
#16 {main}
CRITICAL - 2025-09-02 12:41:47 --> CodeIgniter\Database\Exceptions\DatabaseException: Duplicate entry '' for key 'nip'
[Method: POST, Route: admin/user/add]
in SYSTEMPATH\Database\BaseConnection.php on line 684.
 1 SYSTEMPATH\Database\BaseBuilder.php(2345): CodeIgniter\Database\BaseConnection->query('INSERT INTO `users` (`username`, `nip`, `password`, `nama_lengkap`, `role`, `status`, `created_at`, `updated_at`) VALUES (:username:, :nip:, :password:, :nama_lengkap:, :role:, :status:, :created_at:, :updated_at:)', [...], false)
 2 SYSTEMPATH\Model.php(394): CodeIgniter\Database\BaseBuilder->insert()
 3 SYSTEMPATH\BaseModel.php(838): CodeIgniter\Model->doInsert([...])
 4 SYSTEMPATH\Model.php(797): CodeIgniter\BaseModel->insert([...], false)
 5 SYSTEMPATH\BaseModel.php(751): CodeIgniter\Model->insert([...], false)
 6 APPPATH\Controllers\Admin.php(598): CodeIgniter\BaseModel->save([...])
 7 SYSTEMPATH\CodeIgniter.php(933): App\Controllers\Admin->addUser()
 8 SYSTEMPATH\CodeIgniter.php(507): CodeIgniter\CodeIgniter->runController(Object(App\Controllers\Admin))
 9 SYSTEMPATH\CodeIgniter.php(354): CodeIgniter\CodeIgniter->handleRequest(null, Object(Config\Cache), false)
10 SYSTEMPATH\Boot.php(363): CodeIgniter\CodeIgniter->run()
11 SYSTEMPATH\Boot.php(68): CodeIgniter\Boot::runCodeIgniter(Object(CodeIgniter\CodeIgniter))
12 FCPATH\index.php(59): CodeIgniter\Boot::bootWeb(Object(Config\Paths))
13 SYSTEMPATH\rewrite.php(44): require_once('C:\\xampp\\htdocs\\sidodik\\public\\index.php')
CRITICAL - 2025-09-02 12:41:47 --> [Caused by] CodeIgniter\Database\Exceptions\DatabaseException: Duplicate entry '' for key 'nip'
in SYSTEMPATH\Database\MySQLi\Connection.php on line 332.
 1 SYSTEMPATH\Database\BaseConnection.php(729): CodeIgniter\Database\MySQLi\Connection->execute('INSERT INTO `users` (`username`, `nip`, `password`, `nama_lengkap`, `role`, `status`, `created_at`, `updated_at`) VALUES (\'StarchasmEX\', \'\', \'$2y$10$4Vv3Ri8ndHEE6c4iwB6LiePM6VOR6ai2FyqVXQqeyXkPWTcJ0hw0e\', \'zaky lengkappuuuuuuuu\', \'user\', \'aktif\', \'2025-09-02 12:41:47\', \'2025-09-02 12:41:47\')')
 2 SYSTEMPATH\Database\BaseConnection.php(646): CodeIgniter\Database\BaseConnection->simpleQuery('INSERT INTO `users` (`username`, `nip`, `password`, `nama_lengkap`, `role`, `status`, `created_at`, `updated_at`) VALUES (\'StarchasmEX\', \'\', \'$2y$10$4Vv3Ri8ndHEE6c4iwB6LiePM6VOR6ai2FyqVXQqeyXkPWTcJ0hw0e\', \'zaky lengkappuuuuuuuu\', \'user\', \'aktif\', \'2025-09-02 12:41:47\', \'2025-09-02 12:41:47\')')
 3 SYSTEMPATH\Database\BaseBuilder.php(2345): CodeIgniter\Database\BaseConnection->query('INSERT INTO `users` (`username`, `nip`, `password`, `nama_lengkap`, `role`, `status`, `created_at`, `updated_at`) VALUES (:username:, :nip:, :password:, :nama_lengkap:, :role:, :status:, :created_at:, :updated_at:)', [...], false)
 4 SYSTEMPATH\Model.php(394): CodeIgniter\Database\BaseBuilder->insert()
 5 SYSTEMPATH\BaseModel.php(838): CodeIgniter\Model->doInsert([...])
 6 SYSTEMPATH\Model.php(797): CodeIgniter\BaseModel->insert([...], false)
 7 SYSTEMPATH\BaseModel.php(751): CodeIgniter\Model->insert([...], false)
 8 APPPATH\Controllers\Admin.php(598): CodeIgniter\BaseModel->save([...])
 9 SYSTEMPATH\CodeIgniter.php(933): App\Controllers\Admin->addUser()
10 SYSTEMPATH\CodeIgniter.php(507): CodeIgniter\CodeIgniter->runController(Object(App\Controllers\Admin))
11 SYSTEMPATH\CodeIgniter.php(354): CodeIgniter\CodeIgniter->handleRequest(null, Object(Config\Cache), false)
12 SYSTEMPATH\Boot.php(363): CodeIgniter\CodeIgniter->run()
13 SYSTEMPATH\Boot.php(68): CodeIgniter\Boot::runCodeIgniter(Object(CodeIgniter\CodeIgniter))
14 FCPATH\index.php(59): CodeIgniter\Boot::bootWeb(Object(Config\Paths))
15 SYSTEMPATH\rewrite.php(44): require_once('C:\\xampp\\htdocs\\sidodik\\public\\index.php')
CRITICAL - 2025-09-02 12:41:47 --> [Caused by] mysqli_sql_exception: Duplicate entry '' for key 'nip'
in SYSTEMPATH\Database\MySQLi\Connection.php on line 327.
 1 SYSTEMPATH\Database\MySQLi\Connection.php(327): mysqli->query('INSERT INTO `users` (`username`, `nip`, `password`, `nama_lengkap`, `role`, `status`, `created_at`, `updated_at`) VALUES (\'StarchasmEX\', \'\', \'$2y$10$4Vv3Ri8ndHEE6c4iwB6LiePM6VOR6ai2FyqVXQqeyXkPWTcJ0hw0e\', \'zaky lengkappuuuuuuuu\', \'user\', \'aktif\', \'2025-09-02 12:41:47\', \'2025-09-02 12:41:47\')', 0)
 2 SYSTEMPATH\Database\BaseConnection.php(729): CodeIgniter\Database\MySQLi\Connection->execute('INSERT INTO `users` (`username`, `nip`, `password`, `nama_lengkap`, `role`, `status`, `created_at`, `updated_at`) VALUES (\'StarchasmEX\', \'\', \'$2y$10$4Vv3Ri8ndHEE6c4iwB6LiePM6VOR6ai2FyqVXQqeyXkPWTcJ0hw0e\', \'zaky lengkappuuuuuuuu\', \'user\', \'aktif\', \'2025-09-02 12:41:47\', \'2025-09-02 12:41:47\')')
 3 SYSTEMPATH\Database\BaseConnection.php(646): CodeIgniter\Database\BaseConnection->simpleQuery('INSERT INTO `users` (`username`, `nip`, `password`, `nama_lengkap`, `role`, `status`, `created_at`, `updated_at`) VALUES (\'StarchasmEX\', \'\', \'$2y$10$4Vv3Ri8ndHEE6c4iwB6LiePM6VOR6ai2FyqVXQqeyXkPWTcJ0hw0e\', \'zaky lengkappuuuuuuuu\', \'user\', \'aktif\', \'2025-09-02 12:41:47\', \'2025-09-02 12:41:47\')')
 4 SYSTEMPATH\Database\BaseBuilder.php(2345): CodeIgniter\Database\BaseConnection->query('INSERT INTO `users` (`username`, `nip`, `password`, `nama_lengkap`, `role`, `status`, `created_at`, `updated_at`) VALUES (:username:, :nip:, :password:, :nama_lengkap:, :role:, :status:, :created_at:, :updated_at:)', [...], false)
 5 SYSTEMPATH\Model.php(394): CodeIgniter\Database\BaseBuilder->insert()
 6 SYSTEMPATH\BaseModel.php(838): CodeIgniter\Model->doInsert([...])
 7 SYSTEMPATH\Model.php(797): CodeIgniter\BaseModel->insert([...], false)
 8 SYSTEMPATH\BaseModel.php(751): CodeIgniter\Model->insert([...], false)
 9 APPPATH\Controllers\Admin.php(598): CodeIgniter\BaseModel->save([...])
10 SYSTEMPATH\CodeIgniter.php(933): App\Controllers\Admin->addUser()
11 SYSTEMPATH\CodeIgniter.php(507): CodeIgniter\CodeIgniter->runController(Object(App\Controllers\Admin))
12 SYSTEMPATH\CodeIgniter.php(354): CodeIgniter\CodeIgniter->handleRequest(null, Object(Config\Cache), false)
13 SYSTEMPATH\Boot.php(363): CodeIgniter\CodeIgniter->run()
14 SYSTEMPATH\Boot.php(68): CodeIgniter\Boot::runCodeIgniter(Object(CodeIgniter\CodeIgniter))
15 FCPATH\index.php(59): CodeIgniter\Boot::bootWeb(Object(Config\Paths))
16 SYSTEMPATH\rewrite.php(44): require_once('C:\\xampp\\htdocs\\sidodik\\public\\index.php')
ERROR - 2025-09-02 12:42:49 --> mysqli_sql_exception: Duplicate entry '' for key 'nip' in C:\xampp\htdocs\sidodik\system\Database\MySQLi\Connection.php:327
Stack trace:
#0 C:\xampp\htdocs\sidodik\system\Database\MySQLi\Connection.php(327): mysqli->query('INSERT INTO `us...', 0)
#1 C:\xampp\htdocs\sidodik\system\Database\BaseConnection.php(729): CodeIgniter\Database\MySQLi\Connection->execute('INSERT INTO `us...')
#2 C:\xampp\htdocs\sidodik\system\Database\BaseConnection.php(646): CodeIgniter\Database\BaseConnection->simpleQuery('INSERT INTO `us...')
#3 C:\xampp\htdocs\sidodik\system\Database\BaseBuilder.php(2345): CodeIgniter\Database\BaseConnection->query('INSERT INTO `us...', Array, false)
#4 C:\xampp\htdocs\sidodik\system\Model.php(394): CodeIgniter\Database\BaseBuilder->insert()
#5 C:\xampp\htdocs\sidodik\system\BaseModel.php(838): CodeIgniter\Model->doInsert(Array)
#6 C:\xampp\htdocs\sidodik\system\Model.php(797): CodeIgniter\BaseModel->insert(Array, false)
#7 C:\xampp\htdocs\sidodik\system\BaseModel.php(751): CodeIgniter\Model->insert(Array, false)
#8 C:\xampp\htdocs\sidodik\app\Controllers\Admin.php(598): CodeIgniter\BaseModel->save(Array)
#9 C:\xampp\htdocs\sidodik\system\CodeIgniter.php(933): App\Controllers\Admin->addUser()
#10 C:\xampp\htdocs\sidodik\system\CodeIgniter.php(507): CodeIgniter\CodeIgniter->runController(Object(App\Controllers\Admin))
#11 C:\xampp\htdocs\sidodik\system\CodeIgniter.php(354): CodeIgniter\CodeIgniter->handleRequest(NULL, Object(Config\Cache), false)
#12 C:\xampp\htdocs\sidodik\system\Boot.php(363): CodeIgniter\CodeIgniter->run()
#13 C:\xampp\htdocs\sidodik\system\Boot.php(68): CodeIgniter\Boot::runCodeIgniter(Object(CodeIgniter\CodeIgniter))
#14 C:\xampp\htdocs\sidodik\public\index.php(59): CodeIgniter\Boot::bootWeb(Object(Config\Paths))
#15 C:\xampp\htdocs\sidodik\system\rewrite.php(44): require_once('C:\\xampp\\htdocs...')
#16 {main}
CRITICAL - 2025-09-02 12:42:49 --> CodeIgniter\Database\Exceptions\DatabaseException: Duplicate entry '' for key 'nip'
[Method: POST, Route: admin/user/add]
in SYSTEMPATH\Database\BaseConnection.php on line 684.
 1 SYSTEMPATH\Database\BaseBuilder.php(2345): CodeIgniter\Database\BaseConnection->query('INSERT INTO `users` (`username`, `nip`, `password`, `nama_lengkap`, `role`, `status`, `created_at`, `updated_at`) VALUES (:username:, :nip:, :password:, :nama_lengkap:, :role:, :status:, :created_at:, :updated_at:)', [...], false)
 2 SYSTEMPATH\Model.php(394): CodeIgniter\Database\BaseBuilder->insert()
 3 SYSTEMPATH\BaseModel.php(838): CodeIgniter\Model->doInsert([...])
 4 SYSTEMPATH\Model.php(797): CodeIgniter\BaseModel->insert([...], false)
 5 SYSTEMPATH\BaseModel.php(751): CodeIgniter\Model->insert([...], false)
 6 APPPATH\Controllers\Admin.php(598): CodeIgniter\BaseModel->save([...])
 7 SYSTEMPATH\CodeIgniter.php(933): App\Controllers\Admin->addUser()
 8 SYSTEMPATH\CodeIgniter.php(507): CodeIgniter\CodeIgniter->runController(Object(App\Controllers\Admin))
 9 SYSTEMPATH\CodeIgniter.php(354): CodeIgniter\CodeIgniter->handleRequest(null, Object(Config\Cache), false)
10 SYSTEMPATH\Boot.php(363): CodeIgniter\CodeIgniter->run()
11 SYSTEMPATH\Boot.php(68): CodeIgniter\Boot::runCodeIgniter(Object(CodeIgniter\CodeIgniter))
12 FCPATH\index.php(59): CodeIgniter\Boot::bootWeb(Object(Config\Paths))
13 SYSTEMPATH\rewrite.php(44): require_once('C:\\xampp\\htdocs\\sidodik\\public\\index.php')
CRITICAL - 2025-09-02 12:42:49 --> [Caused by] CodeIgniter\Database\Exceptions\DatabaseException: Duplicate entry '' for key 'nip'
in SYSTEMPATH\Database\MySQLi\Connection.php on line 332.
 1 SYSTEMPATH\Database\BaseConnection.php(729): CodeIgniter\Database\MySQLi\Connection->execute('INSERT INTO `users` (`username`, `nip`, `password`, `nama_lengkap`, `role`, `status`, `created_at`, `updated_at`) VALUES (\'aku siapa?\', \'\', \'$2y$10$DqFH70vWTHCLnSSGg1Rd7.MkAzE3mXb/DwQykJ/Op6t0FbhOgV8JC\', \'zuherhees\', \'user\', \'aktif\', \'2025-09-02 12:42:49\', \'2025-09-02 12:42:49\')')
 2 SYSTEMPATH\Database\BaseConnection.php(646): CodeIgniter\Database\BaseConnection->simpleQuery('INSERT INTO `users` (`username`, `nip`, `password`, `nama_lengkap`, `role`, `status`, `created_at`, `updated_at`) VALUES (\'aku siapa?\', \'\', \'$2y$10$DqFH70vWTHCLnSSGg1Rd7.MkAzE3mXb/DwQykJ/Op6t0FbhOgV8JC\', \'zuherhees\', \'user\', \'aktif\', \'2025-09-02 12:42:49\', \'2025-09-02 12:42:49\')')
 3 SYSTEMPATH\Database\BaseBuilder.php(2345): CodeIgniter\Database\BaseConnection->query('INSERT INTO `users` (`username`, `nip`, `password`, `nama_lengkap`, `role`, `status`, `created_at`, `updated_at`) VALUES (:username:, :nip:, :password:, :nama_lengkap:, :role:, :status:, :created_at:, :updated_at:)', [...], false)
 4 SYSTEMPATH\Model.php(394): CodeIgniter\Database\BaseBuilder->insert()
 5 SYSTEMPATH\BaseModel.php(838): CodeIgniter\Model->doInsert([...])
 6 SYSTEMPATH\Model.php(797): CodeIgniter\BaseModel->insert([...], false)
 7 SYSTEMPATH\BaseModel.php(751): CodeIgniter\Model->insert([...], false)
 8 APPPATH\Controllers\Admin.php(598): CodeIgniter\BaseModel->save([...])
 9 SYSTEMPATH\CodeIgniter.php(933): App\Controllers\Admin->addUser()
10 SYSTEMPATH\CodeIgniter.php(507): CodeIgniter\CodeIgniter->runController(Object(App\Controllers\Admin))
11 SYSTEMPATH\CodeIgniter.php(354): CodeIgniter\CodeIgniter->handleRequest(null, Object(Config\Cache), false)
12 SYSTEMPATH\Boot.php(363): CodeIgniter\CodeIgniter->run()
13 SYSTEMPATH\Boot.php(68): CodeIgniter\Boot::runCodeIgniter(Object(CodeIgniter\CodeIgniter))
14 FCPATH\index.php(59): CodeIgniter\Boot::bootWeb(Object(Config\Paths))
15 SYSTEMPATH\rewrite.php(44): require_once('C:\\xampp\\htdocs\\sidodik\\public\\index.php')
CRITICAL - 2025-09-02 12:42:49 --> [Caused by] mysqli_sql_exception: Duplicate entry '' for key 'nip'
in SYSTEMPATH\Database\MySQLi\Connection.php on line 327.
 1 SYSTEMPATH\Database\MySQLi\Connection.php(327): mysqli->query('INSERT INTO `users` (`username`, `nip`, `password`, `nama_lengkap`, `role`, `status`, `created_at`, `updated_at`) VALUES (\'aku siapa?\', \'\', \'$2y$10$DqFH70vWTHCLnSSGg1Rd7.MkAzE3mXb/DwQykJ/Op6t0FbhOgV8JC\', \'zuherhees\', \'user\', \'aktif\', \'2025-09-02 12:42:49\', \'2025-09-02 12:42:49\')', 0)
 2 SYSTEMPATH\Database\BaseConnection.php(729): CodeIgniter\Database\MySQLi\Connection->execute('INSERT INTO `users` (`username`, `nip`, `password`, `nama_lengkap`, `role`, `status`, `created_at`, `updated_at`) VALUES (\'aku siapa?\', \'\', \'$2y$10$DqFH70vWTHCLnSSGg1Rd7.MkAzE3mXb/DwQykJ/Op6t0FbhOgV8JC\', \'zuherhees\', \'user\', \'aktif\', \'2025-09-02 12:42:49\', \'2025-09-02 12:42:49\')')
 3 SYSTEMPATH\Database\BaseConnection.php(646): CodeIgniter\Database\BaseConnection->simpleQuery('INSERT INTO `users` (`username`, `nip`, `password`, `nama_lengkap`, `role`, `status`, `created_at`, `updated_at`) VALUES (\'aku siapa?\', \'\', \'$2y$10$DqFH70vWTHCLnSSGg1Rd7.MkAzE3mXb/DwQykJ/Op6t0FbhOgV8JC\', \'zuherhees\', \'user\', \'aktif\', \'2025-09-02 12:42:49\', \'2025-09-02 12:42:49\')')
 4 SYSTEMPATH\Database\BaseBuilder.php(2345): CodeIgniter\Database\BaseConnection->query('INSERT INTO `users` (`username`, `nip`, `password`, `nama_lengkap`, `role`, `status`, `created_at`, `updated_at`) VALUES (:username:, :nip:, :password:, :nama_lengkap:, :role:, :status:, :created_at:, :updated_at:)', [...], false)
 5 SYSTEMPATH\Model.php(394): CodeIgniter\Database\BaseBuilder->insert()
 6 SYSTEMPATH\BaseModel.php(838): CodeIgniter\Model->doInsert([...])
 7 SYSTEMPATH\Model.php(797): CodeIgniter\BaseModel->insert([...], false)
 8 SYSTEMPATH\BaseModel.php(751): CodeIgniter\Model->insert([...], false)
 9 APPPATH\Controllers\Admin.php(598): CodeIgniter\BaseModel->save([...])
10 SYSTEMPATH\CodeIgniter.php(933): App\Controllers\Admin->addUser()
11 SYSTEMPATH\CodeIgniter.php(507): CodeIgniter\CodeIgniter->runController(Object(App\Controllers\Admin))
12 SYSTEMPATH\CodeIgniter.php(354): CodeIgniter\CodeIgniter->handleRequest(null, Object(Config\Cache), false)
13 SYSTEMPATH\Boot.php(363): CodeIgniter\CodeIgniter->run()
14 SYSTEMPATH\Boot.php(68): CodeIgniter\Boot::runCodeIgniter(Object(CodeIgniter\CodeIgniter))
15 FCPATH\index.php(59): CodeIgniter\Boot::bootWeb(Object(Config\Paths))
16 SYSTEMPATH\rewrite.php(44): require_once('C:\\xampp\\htdocs\\sidodik\\public\\index.php')
ERROR - 2025-09-02 12:56:30 --> User add validation errors: Array
(
    [username] => Username sudah digunakan, silakan pilih yang lain
    [nip] => NIP sudah digunakan
)

ERROR - 2025-09-02 16:16:36 --> User edit validation errors: Array
(
    [username] => The username field must contain a unique value.
)

ERROR - 2025-09-02 16:24:03 --> User add validation errors: Array
(
    [nip] => NIP wajib diisi untuk role User
)

ERROR - 2025-09-02 16:29:50 --> User edit validation errors: Array
(
    [nip] => The nip field must contain a unique value.
)

ERROR - 2025-09-02 16:30:21 --> User edit validation errors: Array
(
    [nip] => The nip field must contain a unique value.
)

ERROR - 2025-09-02 16:31:13 --> User add validation errors: Array
(
    [username] => Username sudah digunakan, silakan pilih yang lain
)

ERROR - 2025-09-02 17:08:15 --> User add validation errors: Array
(
    [username] => Username sudah digunakan, silakan pilih yang lain
)

ERROR - 2025-09-02 17:08:24 --> User add validation errors: Array
(
    [username] => Username sudah digunakan, silakan pilih yang lain
)

ERROR - 2025-09-02 17:09:46 --> mysqli_sql_exception: Unknown column 'updated_at' in 'field list' in C:\xampp\htdocs\sidodik\system\Database\MySQLi\Connection.php:327
Stack trace:
#0 C:\xampp\htdocs\sidodik\system\Database\MySQLi\Connection.php(327): mysqli->query('INSERT INTO `lo...', 0)
#1 C:\xampp\htdocs\sidodik\system\Database\BaseConnection.php(729): CodeIgniter\Database\MySQLi\Connection->execute('INSERT INTO `lo...')
#2 C:\xampp\htdocs\sidodik\system\Database\BaseConnection.php(646): CodeIgniter\Database\BaseConnection->simpleQuery('INSERT INTO `lo...')
#3 C:\xampp\htdocs\sidodik\system\Database\BaseBuilder.php(2345): CodeIgniter\Database\BaseConnection->query('INSERT INTO `lo...', Array, false)
#4 C:\xampp\htdocs\sidodik\system\Model.php(394): CodeIgniter\Database\BaseBuilder->insert()
#5 C:\xampp\htdocs\sidodik\system\BaseModel.php(838): CodeIgniter\Model->doInsert(Array)
#6 C:\xampp\htdocs\sidodik\system\Model.php(797): CodeIgniter\BaseModel->insert(Array, true)
#7 C:\xampp\htdocs\sidodik\app\Models\LogActivityModel.php(37): CodeIgniter\Model->insert(Array)
#8 C:\xampp\htdocs\sidodik\app\Controllers\Admin.php(400): App\Models\LogActivityModel->logActivity('1', 'upload', 14, '::1', Object(CodeIgniter\HTTP\UserAgent))
#9 C:\xampp\htdocs\sidodik\system\CodeIgniter.php(933): App\Controllers\Admin->addDokumen()
#10 C:\xampp\htdocs\sidodik\system\CodeIgniter.php(507): CodeIgniter\CodeIgniter->runController(Object(App\Controllers\Admin))
#11 C:\xampp\htdocs\sidodik\system\CodeIgniter.php(354): CodeIgniter\CodeIgniter->handleRequest(NULL, Object(Config\Cache), false)
#12 C:\xampp\htdocs\sidodik\system\Boot.php(363): CodeIgniter\CodeIgniter->run()
#13 C:\xampp\htdocs\sidodik\system\Boot.php(68): CodeIgniter\Boot::runCodeIgniter(Object(CodeIgniter\CodeIgniter))
#14 C:\xampp\htdocs\sidodik\public\index.php(59): CodeIgniter\Boot::bootWeb(Object(Config\Paths))
#15 C:\xampp\htdocs\sidodik\system\rewrite.php(44): require_once('C:\\xampp\\htdocs...')
#16 {main}
ERROR - 2025-09-02 17:09:46 --> File upload error: Unknown column 'updated_at' in 'field list'
