CRITICAL - 2025-09-25 02:14:15 --> CodeIgniter\View\Exceptions\ViewException: Invalid file: "landing/status.php"
[Method: GET, Route: pengaduan/status]
in SYSTEMPATH\Exceptions\FrameworkException.php on line 39.
 1 SYSTEMPATH\View\View.php(214): CodeIgniter\Exceptions\FrameworkException::forInvalidFile('landing/status.php')
 2 SYSTEMPATH\Common.php(1167): CodeIgniter\View\View->render('landing/status', [], true)
 3 APPPATH\Controllers\Landing.php(271): view('landing/status', [...])
 4 SYSTEMPATH\CodeIgniter.php(933): App\Controllers\Landing->cekStatus()
 5 SYSTEMPATH\CodeIgniter.php(507): CodeIgniter\CodeIgniter->runController(Object(App\Controllers\Landing))
 6 SYSTEMPATH\CodeIgniter.php(354): CodeIgniter\CodeIgniter->handleRequest(null, Object(Config\Cache), false)
 7 SYSTEMPATH\Boot.php(363): CodeIgniter\CodeIgniter->run()
 8 SYSTEMPATH\Boot.php(68): CodeIgniter\Boot::runCodeIgniter(Object(CodeIgniter\CodeIgniter))
 9 FCPATH\index.php(59): CodeIgniter\Boot::bootWeb(Object(Config\Paths))
10 SYSTEMPATH\rewrite.php(44): require_once('C:\\xampp\\htdocs\\sidodik\\public\\index.php')
CRITICAL - 2025-09-25 02:14:52 --> CodeIgniter\View\Exceptions\ViewException: Invalid file: "admin/pengaduan_detail.php"
[Method: GET, Route: admin/pengaduan/detail/1]
in SYSTEMPATH\Exceptions\FrameworkException.php on line 39.
 1 SYSTEMPATH\View\View.php(214): CodeIgniter\Exceptions\FrameworkException::forInvalidFile('admin/pengaduan_detail.php')
 2 SYSTEMPATH\Common.php(1167): CodeIgniter\View\View->render('admin/pengaduan_detail', [], true)
 3 APPPATH\Controllers\Admin.php(1036): view('admin/pengaduan_detail', [...])
 4 SYSTEMPATH\CodeIgniter.php(933): App\Controllers\Admin->detailPengaduan('1')
 5 SYSTEMPATH\CodeIgniter.php(507): CodeIgniter\CodeIgniter->runController(Object(App\Controllers\Admin))
 6 SYSTEMPATH\CodeIgniter.php(354): CodeIgniter\CodeIgniter->handleRequest(null, Object(Config\Cache), false)
 7 SYSTEMPATH\Boot.php(363): CodeIgniter\CodeIgniter->run()
 8 SYSTEMPATH\Boot.php(68): CodeIgniter\Boot::runCodeIgniter(Object(CodeIgniter\CodeIgniter))
 9 FCPATH\index.php(59): CodeIgniter\Boot::bootWeb(Object(Config\Paths))
10 SYSTEMPATH\rewrite.php(44): require_once('C:\\xampp\\htdocs\\sidodik\\public\\index.php')
CRITICAL - 2025-09-25 02:16:11 --> CodeIgniter\View\Exceptions\ViewException: Invalid file: "admin/pengaduan_detail.php"
[Method: GET, Route: admin/pengaduan/detail/1]
in SYSTEMPATH\Exceptions\FrameworkException.php on line 39.
 1 SYSTEMPATH\View\View.php(214): CodeIgniter\Exceptions\FrameworkException::forInvalidFile('admin/pengaduan_detail.php')
 2 SYSTEMPATH\Common.php(1167): CodeIgniter\View\View->render('admin/pengaduan_detail', [], true)
 3 APPPATH\Controllers\Admin.php(1036): view('admin/pengaduan_detail', [...])
 4 SYSTEMPATH\CodeIgniter.php(933): App\Controllers\Admin->detailPengaduan('1')
 5 SYSTEMPATH\CodeIgniter.php(507): CodeIgniter\CodeIgniter->runController(Object(App\Controllers\Admin))
 6 SYSTEMPATH\CodeIgniter.php(354): CodeIgniter\CodeIgniter->handleRequest(null, Object(Config\Cache), false)
 7 SYSTEMPATH\Boot.php(363): CodeIgniter\CodeIgniter->run()
 8 SYSTEMPATH\Boot.php(68): CodeIgniter\Boot::runCodeIgniter(Object(CodeIgniter\CodeIgniter))
 9 FCPATH\index.php(59): CodeIgniter\Boot::bootWeb(Object(Config\Paths))
10 SYSTEMPATH\rewrite.php(44): require_once('C:\\xampp\\htdocs\\sidodik\\public\\index.php')
CRITICAL - 2025-09-25 02:17:15 --> CodeIgniter\View\Exceptions\ViewException: Invalid file: "landing/status.php"
[Method: GET, Route: pengaduan/status]
in SYSTEMPATH\Exceptions\FrameworkException.php on line 39.
 1 SYSTEMPATH\View\View.php(214): CodeIgniter\Exceptions\FrameworkException::forInvalidFile('landing/status.php')
 2 SYSTEMPATH\Common.php(1167): CodeIgniter\View\View->render('landing/status', [], true)
 3 APPPATH\Controllers\Landing.php(271): view('landing/status', [...])
 4 SYSTEMPATH\CodeIgniter.php(933): App\Controllers\Landing->cekStatus()
 5 SYSTEMPATH\CodeIgniter.php(507): CodeIgniter\CodeIgniter->runController(Object(App\Controllers\Landing))
 6 SYSTEMPATH\CodeIgniter.php(354): CodeIgniter\CodeIgniter->handleRequest(null, Object(Config\Cache), false)
 7 SYSTEMPATH\Boot.php(363): CodeIgniter\CodeIgniter->run()
 8 SYSTEMPATH\Boot.php(68): CodeIgniter\Boot::runCodeIgniter(Object(CodeIgniter\CodeIgniter))
 9 FCPATH\index.php(59): CodeIgniter\Boot::bootWeb(Object(Config\Paths))
10 SYSTEMPATH\rewrite.php(44): require_once('C:\\xampp\\htdocs\\sidodik\\public\\index.php')
CRITICAL - 2025-09-25 02:39:42 --> CodeIgniter\View\Exceptions\ViewException: Invalid file: "admin/pengaduan_detail.php"
[Method: GET, Route: admin/pengaduan/detail/2]
in SYSTEMPATH\Exceptions\FrameworkException.php on line 39.
 1 SYSTEMPATH\View\View.php(214): CodeIgniter\Exceptions\FrameworkException::forInvalidFile('admin/pengaduan_detail.php')
 2 SYSTEMPATH\Common.php(1167): CodeIgniter\View\View->render('admin/pengaduan_detail', [], true)
 3 APPPATH\Controllers\Admin.php(1036): view('admin/pengaduan_detail', [...])
 4 SYSTEMPATH\CodeIgniter.php(933): App\Controllers\Admin->detailPengaduan('2')
 5 SYSTEMPATH\CodeIgniter.php(507): CodeIgniter\CodeIgniter->runController(Object(App\Controllers\Admin))
 6 SYSTEMPATH\CodeIgniter.php(354): CodeIgniter\CodeIgniter->handleRequest(null, Object(Config\Cache), false)
 7 SYSTEMPATH\Boot.php(363): CodeIgniter\CodeIgniter->run()
 8 SYSTEMPATH\Boot.php(68): CodeIgniter\Boot::runCodeIgniter(Object(CodeIgniter\CodeIgniter))
 9 FCPATH\index.php(59): CodeIgniter\Boot::bootWeb(Object(Config\Paths))
10 SYSTEMPATH\rewrite.php(44): require_once('C:\\xampp\\htdocs\\sidodik\\public\\index.php')
CRITICAL - 2025-09-25 02:45:53 --> CodeIgniter\View\Exceptions\ViewException: Invalid file: "admin/pengaduan_detail.php"
[Method: GET, Route: admin/pengaduan/detail/2]
in SYSTEMPATH\Exceptions\FrameworkException.php on line 39.
 1 SYSTEMPATH\View\View.php(214): CodeIgniter\Exceptions\FrameworkException::forInvalidFile('admin/pengaduan_detail.php')
 2 SYSTEMPATH\Common.php(1167): CodeIgniter\View\View->render('admin/pengaduan_detail', [], true)
 3 APPPATH\Controllers\Admin.php(1036): view('admin/pengaduan_detail', [...])
 4 SYSTEMPATH\CodeIgniter.php(933): App\Controllers\Admin->detailPengaduan('2')
 5 SYSTEMPATH\CodeIgniter.php(507): CodeIgniter\CodeIgniter->runController(Object(App\Controllers\Admin))
 6 SYSTEMPATH\CodeIgniter.php(354): CodeIgniter\CodeIgniter->handleRequest(null, Object(Config\Cache), false)
 7 SYSTEMPATH\Boot.php(363): CodeIgniter\CodeIgniter->run()
 8 SYSTEMPATH\Boot.php(68): CodeIgniter\Boot::runCodeIgniter(Object(CodeIgniter\CodeIgniter))
 9 FCPATH\index.php(59): CodeIgniter\Boot::bootWeb(Object(Config\Paths))
10 SYSTEMPATH\rewrite.php(44): require_once('C:\\xampp\\htdocs\\sidodik\\public\\index.php')
CRITICAL - 2025-09-25 03:05:16 --> CodeIgniter\View\Exceptions\ViewException: Invalid file: "landing/status.php"
[Method: GET, Route: pengaduan/status]
in SYSTEMPATH\Exceptions\FrameworkException.php on line 39.
 1 SYSTEMPATH\View\View.php(214): CodeIgniter\Exceptions\FrameworkException::forInvalidFile('landing/status.php')
 2 SYSTEMPATH\Common.php(1167): CodeIgniter\View\View->render('landing/status', [], true)
 3 APPPATH\Controllers\Landing.php(271): view('landing/status', [...])
 4 SYSTEMPATH\CodeIgniter.php(933): App\Controllers\Landing->cekStatus()
 5 SYSTEMPATH\CodeIgniter.php(507): CodeIgniter\CodeIgniter->runController(Object(App\Controllers\Landing))
 6 SYSTEMPATH\CodeIgniter.php(354): CodeIgniter\CodeIgniter->handleRequest(null, Object(Config\Cache), false)
 7 SYSTEMPATH\Boot.php(363): CodeIgniter\CodeIgniter->run()
 8 SYSTEMPATH\Boot.php(68): CodeIgniter\Boot::runCodeIgniter(Object(CodeIgniter\CodeIgniter))
 9 FCPATH\index.php(59): CodeIgniter\Boot::bootWeb(Object(Config\Paths))
10 SYSTEMPATH\rewrite.php(44): require_once('C:\\xampp\\htdocs\\sidodik\\public\\index.php')
CRITICAL - 2025-09-25 03:05:31 --> CodeIgniter\View\Exceptions\ViewException: Invalid file: "landing/status.php"
[Method: GET, Route: pengaduan/status]
in SYSTEMPATH\Exceptions\FrameworkException.php on line 39.
 1 SYSTEMPATH\View\View.php(214): CodeIgniter\Exceptions\FrameworkException::forInvalidFile('landing/status.php')
 2 SYSTEMPATH\Common.php(1167): CodeIgniter\View\View->render('landing/status', [], true)
 3 APPPATH\Controllers\Landing.php(271): view('landing/status', [...])
 4 SYSTEMPATH\CodeIgniter.php(933): App\Controllers\Landing->cekStatus()
 5 SYSTEMPATH\CodeIgniter.php(507): CodeIgniter\CodeIgniter->runController(Object(App\Controllers\Landing))
 6 SYSTEMPATH\CodeIgniter.php(354): CodeIgniter\CodeIgniter->handleRequest(null, Object(Config\Cache), false)
 7 SYSTEMPATH\Boot.php(363): CodeIgniter\CodeIgniter->run()
 8 SYSTEMPATH\Boot.php(68): CodeIgniter\Boot::runCodeIgniter(Object(CodeIgniter\CodeIgniter))
 9 FCPATH\index.php(59): CodeIgniter\Boot::bootWeb(Object(Config\Paths))
10 SYSTEMPATH\rewrite.php(44): require_once('C:\\xampp\\htdocs\\sidodik\\public\\index.php')
CRITICAL - 2025-09-25 03:18:34 --> CodeIgniter\View\Exceptions\ViewException: Invalid file: "landing/status.php"
[Method: GET, Route: pengaduan/status]
in SYSTEMPATH\Exceptions\FrameworkException.php on line 39.
 1 SYSTEMPATH\View\View.php(214): CodeIgniter\Exceptions\FrameworkException::forInvalidFile('landing/status.php')
 2 SYSTEMPATH\Common.php(1167): CodeIgniter\View\View->render('landing/status', [], true)
 3 APPPATH\Controllers\Landing.php(271): view('landing/status', [...])
 4 SYSTEMPATH\CodeIgniter.php(933): App\Controllers\Landing->cekStatus()
 5 SYSTEMPATH\CodeIgniter.php(507): CodeIgniter\CodeIgniter->runController(Object(App\Controllers\Landing))
 6 SYSTEMPATH\CodeIgniter.php(354): CodeIgniter\CodeIgniter->handleRequest(null, Object(Config\Cache), false)
 7 SYSTEMPATH\Boot.php(363): CodeIgniter\CodeIgniter->run()
 8 SYSTEMPATH\Boot.php(68): CodeIgniter\Boot::runCodeIgniter(Object(CodeIgniter\CodeIgniter))
 9 FCPATH\index.php(59): CodeIgniter\Boot::bootWeb(Object(Config\Paths))
10 SYSTEMPATH\rewrite.php(44): require_once('C:\\xampp\\htdocs\\sidodik\\public\\index.php')
ERROR - 2025-09-25 12:51:56 --> Error connecting to the database: mysqli_sql_exception: No connection could be made because the target machine actively refused it in C:\xampp\htdocs\sidodik\system\Database\MySQLi\Connection.php:201
Stack trace:
#0 C:\xampp\htdocs\sidodik\system\Database\MySQLi\Connection.php(201): mysqli->real_connect('localhost', 'root', Object(SensitiveParameterValue), 'sidodik', 3306, '', 0)
#1 C:\xampp\htdocs\sidodik\system\Database\BaseConnection.php(419): CodeIgniter\Database\MySQLi\Connection->connect(false)
#2 C:\xampp\htdocs\sidodik\system\Database\BaseConnection.php(614): CodeIgniter\Database\BaseConnection->initialize()
#3 C:\xampp\htdocs\sidodik\system\Database\BaseBuilder.php(1649): CodeIgniter\Database\BaseConnection->query('SELECT `m`.*, C...', Array, false)
#4 C:\xampp\htdocs\sidodik\app\Models\MenuModel.php(82): CodeIgniter\Database\BaseBuilder->get()
#5 C:\xampp\htdocs\sidodik\app\Controllers\Landing.php(26): App\Models\MenuModel->getActiveMenuWithCount()
#6 C:\xampp\htdocs\sidodik\system\CodeIgniter.php(933): App\Controllers\Landing->index()
#7 C:\xampp\htdocs\sidodik\system\CodeIgniter.php(507): CodeIgniter\CodeIgniter->runController(Object(App\Controllers\Landing))
#8 C:\xampp\htdocs\sidodik\system\CodeIgniter.php(354): CodeIgniter\CodeIgniter->handleRequest(NULL, Object(Config\Cache), false)
#9 C:\xampp\htdocs\sidodik\system\Boot.php(363): CodeIgniter\CodeIgniter->run()
#10 C:\xampp\htdocs\sidodik\system\Boot.php(68): CodeIgniter\Boot::runCodeIgniter(Object(CodeIgniter\CodeIgniter))
#11 C:\xampp\htdocs\sidodik\public\index.php(59): CodeIgniter\Boot::bootWeb(Object(Config\Paths))
#12 C:\xampp\htdocs\sidodik\system\rewrite.php(44): require_once('C:\\xampp\\htdocs...')
#13 {main}

Next CodeIgniter\Database\Exceptions\DatabaseException: No connection could be made because the target machine actively refused it in C:\xampp\htdocs\sidodik\system\Database\MySQLi\Connection.php:246
Stack trace:
#0 C:\xampp\htdocs\sidodik\system\Database\BaseConnection.php(419): CodeIgniter\Database\MySQLi\Connection->connect(false)
#1 C:\xampp\htdocs\sidodik\system\Database\BaseConnection.php(614): CodeIgniter\Database\BaseConnection->initialize()
#2 C:\xampp\htdocs\sidodik\system\Database\BaseBuilder.php(1649): CodeIgniter\Database\BaseConnection->query('SELECT `m`.*, C...', Array, false)
#3 C:\xampp\htdocs\sidodik\app\Models\MenuModel.php(82): CodeIgniter\Database\BaseBuilder->get()
#4 C:\xampp\htdocs\sidodik\app\Controllers\Landing.php(26): App\Models\MenuModel->getActiveMenuWithCount()
#5 C:\xampp\htdocs\sidodik\system\CodeIgniter.php(933): App\Controllers\Landing->index()
#6 C:\xampp\htdocs\sidodik\system\CodeIgniter.php(507): CodeIgniter\CodeIgniter->runController(Object(App\Controllers\Landing))
#7 C:\xampp\htdocs\sidodik\system\CodeIgniter.php(354): CodeIgniter\CodeIgniter->handleRequest(NULL, Object(Config\Cache), false)
#8 C:\xampp\htdocs\sidodik\system\Boot.php(363): CodeIgniter\CodeIgniter->run()
#9 C:\xampp\htdocs\sidodik\system\Boot.php(68): CodeIgniter\Boot::runCodeIgniter(Object(CodeIgniter\CodeIgniter))
#10 C:\xampp\htdocs\sidodik\public\index.php(59): CodeIgniter\Boot::bootWeb(Object(Config\Paths))
#11 C:\xampp\htdocs\sidodik\system\rewrite.php(44): require_once('C:\\xampp\\htdocs...')
#12 {main}
CRITICAL - 2025-09-25 12:51:56 --> CodeIgniter\Database\Exceptions\DatabaseException: Unable to connect to the database.
Main connection [MySQLi]: No connection could be made because the target machine actively refused it
[Method: GET, Route: /]
in SYSTEMPATH\Database\BaseConnection.php on line 465.
 1 SYSTEMPATH\Database\BaseConnection.php(614): CodeIgniter\Database\BaseConnection->initialize()
 2 SYSTEMPATH\Database\BaseBuilder.php(1649): CodeIgniter\Database\BaseConnection->query('SELECT `m`.*, COUNT(d.id) as jumlah_dokumen
FROM `menu` `m`
LEFT JOIN `dokumen` `d` ON `d`.`menu_id` = `m`.`id` AND `d`.`status` = "aktif"
WHERE `m`.`status` = :m.status:
GROUP BY `m`.`id`
ORDER BY `m`.`nama_menu` ASC', [...], false)
 3 APPPATH\Models\MenuModel.php(82): CodeIgniter\Database\BaseBuilder->get()
 4 APPPATH\Controllers\Landing.php(26): App\Models\MenuModel->getActiveMenuWithCount()
 5 SYSTEMPATH\CodeIgniter.php(933): App\Controllers\Landing->index()
 6 SYSTEMPATH\CodeIgniter.php(507): CodeIgniter\CodeIgniter->runController(Object(App\Controllers\Landing))
 7 SYSTEMPATH\CodeIgniter.php(354): CodeIgniter\CodeIgniter->handleRequest(null, Object(Config\Cache), false)
 8 SYSTEMPATH\Boot.php(363): CodeIgniter\CodeIgniter->run()
 9 SYSTEMPATH\Boot.php(68): CodeIgniter\Boot::runCodeIgniter(Object(CodeIgniter\CodeIgniter))
10 FCPATH\index.php(59): CodeIgniter\Boot::bootWeb(Object(Config\Paths))
11 SYSTEMPATH\rewrite.php(44): require_once('C:\\xampp\\htdocs\\sidodik\\public\\index.php')
ERROR - 2025-09-25 12:52:00 --> Error connecting to the database: mysqli_sql_exception: No connection could be made because the target machine actively refused it in C:\xampp\htdocs\sidodik\system\Database\MySQLi\Connection.php:201
Stack trace:
#0 C:\xampp\htdocs\sidodik\system\Database\MySQLi\Connection.php(201): mysqli->real_connect('localhost', 'root', Object(SensitiveParameterValue), 'sidodik', 3306, '', 0)
#1 C:\xampp\htdocs\sidodik\system\Database\BaseConnection.php(419): CodeIgniter\Database\MySQLi\Connection->connect(false)
#2 C:\xampp\htdocs\sidodik\system\Database\BaseConnection.php(614): CodeIgniter\Database\BaseConnection->initialize()
#3 C:\xampp\htdocs\sidodik\system\Database\BaseBuilder.php(1649): CodeIgniter\Database\BaseConnection->query('SELECT `m`.*, C...', Array, false)
#4 C:\xampp\htdocs\sidodik\app\Models\MenuModel.php(82): CodeIgniter\Database\BaseBuilder->get()
#5 C:\xampp\htdocs\sidodik\app\Controllers\Landing.php(26): App\Models\MenuModel->getActiveMenuWithCount()
#6 C:\xampp\htdocs\sidodik\system\CodeIgniter.php(933): App\Controllers\Landing->index()
#7 C:\xampp\htdocs\sidodik\system\CodeIgniter.php(507): CodeIgniter\CodeIgniter->runController(Object(App\Controllers\Landing))
#8 C:\xampp\htdocs\sidodik\system\CodeIgniter.php(354): CodeIgniter\CodeIgniter->handleRequest(NULL, Object(Config\Cache), false)
#9 C:\xampp\htdocs\sidodik\system\Boot.php(363): CodeIgniter\CodeIgniter->run()
#10 C:\xampp\htdocs\sidodik\system\Boot.php(68): CodeIgniter\Boot::runCodeIgniter(Object(CodeIgniter\CodeIgniter))
#11 C:\xampp\htdocs\sidodik\public\index.php(59): CodeIgniter\Boot::bootWeb(Object(Config\Paths))
#12 C:\xampp\htdocs\sidodik\system\rewrite.php(44): require_once('C:\\xampp\\htdocs...')
#13 {main}

Next CodeIgniter\Database\Exceptions\DatabaseException: No connection could be made because the target machine actively refused it in C:\xampp\htdocs\sidodik\system\Database\MySQLi\Connection.php:246
Stack trace:
#0 C:\xampp\htdocs\sidodik\system\Database\BaseConnection.php(419): CodeIgniter\Database\MySQLi\Connection->connect(false)
#1 C:\xampp\htdocs\sidodik\system\Database\BaseConnection.php(614): CodeIgniter\Database\BaseConnection->initialize()
#2 C:\xampp\htdocs\sidodik\system\Database\BaseBuilder.php(1649): CodeIgniter\Database\BaseConnection->query('SELECT `m`.*, C...', Array, false)
#3 C:\xampp\htdocs\sidodik\app\Models\MenuModel.php(82): CodeIgniter\Database\BaseBuilder->get()
#4 C:\xampp\htdocs\sidodik\app\Controllers\Landing.php(26): App\Models\MenuModel->getActiveMenuWithCount()
#5 C:\xampp\htdocs\sidodik\system\CodeIgniter.php(933): App\Controllers\Landing->index()
#6 C:\xampp\htdocs\sidodik\system\CodeIgniter.php(507): CodeIgniter\CodeIgniter->runController(Object(App\Controllers\Landing))
#7 C:\xampp\htdocs\sidodik\system\CodeIgniter.php(354): CodeIgniter\CodeIgniter->handleRequest(NULL, Object(Config\Cache), false)
#8 C:\xampp\htdocs\sidodik\system\Boot.php(363): CodeIgniter\CodeIgniter->run()
#9 C:\xampp\htdocs\sidodik\system\Boot.php(68): CodeIgniter\Boot::runCodeIgniter(Object(CodeIgniter\CodeIgniter))
#10 C:\xampp\htdocs\sidodik\public\index.php(59): CodeIgniter\Boot::bootWeb(Object(Config\Paths))
#11 C:\xampp\htdocs\sidodik\system\rewrite.php(44): require_once('C:\\xampp\\htdocs...')
#12 {main}
CRITICAL - 2025-09-25 12:52:00 --> CodeIgniter\Database\Exceptions\DatabaseException: Unable to connect to the database.
Main connection [MySQLi]: No connection could be made because the target machine actively refused it
[Method: GET, Route: /]
in SYSTEMPATH\Database\BaseConnection.php on line 465.
 1 SYSTEMPATH\Database\BaseConnection.php(614): CodeIgniter\Database\BaseConnection->initialize()
 2 SYSTEMPATH\Database\BaseBuilder.php(1649): CodeIgniter\Database\BaseConnection->query('SELECT `m`.*, COUNT(d.id) as jumlah_dokumen
FROM `menu` `m`
LEFT JOIN `dokumen` `d` ON `d`.`menu_id` = `m`.`id` AND `d`.`status` = "aktif"
WHERE `m`.`status` = :m.status:
GROUP BY `m`.`id`
ORDER BY `m`.`nama_menu` ASC', [...], false)
 3 APPPATH\Models\MenuModel.php(82): CodeIgniter\Database\BaseBuilder->get()
 4 APPPATH\Controllers\Landing.php(26): App\Models\MenuModel->getActiveMenuWithCount()
 5 SYSTEMPATH\CodeIgniter.php(933): App\Controllers\Landing->index()
 6 SYSTEMPATH\CodeIgniter.php(507): CodeIgniter\CodeIgniter->runController(Object(App\Controllers\Landing))
 7 SYSTEMPATH\CodeIgniter.php(354): CodeIgniter\CodeIgniter->handleRequest(null, Object(Config\Cache), false)
 8 SYSTEMPATH\Boot.php(363): CodeIgniter\CodeIgniter->run()
 9 SYSTEMPATH\Boot.php(68): CodeIgniter\Boot::runCodeIgniter(Object(CodeIgniter\CodeIgniter))
10 FCPATH\index.php(59): CodeIgniter\Boot::bootWeb(Object(Config\Paths))
11 SYSTEMPATH\rewrite.php(44): require_once('C:\\xampp\\htdocs\\sidodik\\public\\index.php')
